[2025-12-04T18:51:15.994+0600] {taskinstance.py:1159} INFO - Dependencies all met for dep_context=non-requeueable deps ti=<TaskInstance: kolesa_trucks_etl.scrape_data manual__2025-12-04T12:51:13.831202+00:00 [queued]>
[2025-12-04T18:51:15.999+0600] {taskinstance.py:1159} INFO - Dependencies all met for dep_context=requeueable deps ti=<TaskInstance: kolesa_trucks_etl.scrape_data manual__2025-12-04T12:51:13.831202+00:00 [queued]>
[2025-12-04T18:51:15.999+0600] {taskinstance.py:1361} INFO - Starting attempt 1 of 2
[2025-12-04T18:51:16.006+0600] {taskinstance.py:1382} INFO - Executing <Task(PythonOperator): scrape_data> on 2025-12-04 12:51:13.831202+00:00
[2025-12-04T18:51:16.010+0600] {standard_task_runner.py:57} INFO - Started process 985 to run task
[2025-12-04T18:51:16.013+0600] {standard_task_runner.py:84} INFO - Running: ['airflow', 'tasks', 'run', 'kolesa_trucks_etl', 'scrape_data', 'manual__2025-12-04T12:51:13.831202+00:00', '--job-id', '19', '--raw', '--subdir', 'DAGS_FOLDER/airflow_dag.py', '--cfg-path', '/tmp/tmp7_a5oa40']
[2025-12-04T18:51:16.014+0600] {standard_task_runner.py:85} INFO - Job 19: Subtask scrape_data
[2025-12-04T18:51:16.042+0600] {task_command.py:416} INFO - Running <TaskInstance: kolesa_trucks_etl.scrape_data manual__2025-12-04T12:51:13.831202+00:00 [running]> on host 7e7c107b85a3
[2025-12-04T18:51:16.077+0600] {taskinstance.py:1662} INFO - Exporting env vars: AIRFLOW_CTX_DAG_OWNER='student_team' AIRFLOW_CTX_DAG_ID='kolesa_trucks_etl' AIRFLOW_CTX_TASK_ID='scrape_data' AIRFLOW_CTX_EXECUTION_DATE='2025-12-04T12:51:13.831202+00:00' AIRFLOW_CTX_TRY_NUMBER='1' AIRFLOW_CTX_DAG_RUN_ID='manual__2025-12-04T12:51:13.831202+00:00'
[2025-12-04T18:51:16.078+0600] {logging_mixin.py:154} INFO - --- ЗАПУСК СКРАПЕРА В DOCKER (HEADLESS) ---
[2025-12-04T18:51:16.574+0600] {logging_mixin.py:154} INFO - >>> Обработка: https://kolesa.kz/cars/almaty/?page=1
[2025-12-04T18:51:20.770+0600] {logging_mixin.py:154} INFO - Ошибка: net::ERR_TOO_MANY_REDIRECTS at https://kolesa.kz/cars/almaty/?page=1
[2025-12-04T18:51:22.896+0600] {logging_mixin.py:154} INFO - >>> Обработка: https://kolesa.kz/cars/almaty/?page=2
[2025-12-04T18:51:26.279+0600] {logging_mixin.py:154} INFO -    Найдено: 20
[2025-12-04T18:51:29.860+0600] {logging_mixin.py:154} INFO - >>> Обработка: https://kolesa.kz/cars/almaty/?page=3
[2025-12-04T18:51:33.204+0600] {logging_mixin.py:154} INFO -    Найдено: 20
[2025-12-04T18:51:35.593+0600] {logging_mixin.py:154} INFO - >>> Обработка: https://kolesa.kz/cars/almaty/?page=4
[2025-12-04T18:51:38.942+0600] {logging_mixin.py:154} INFO -    Найдено: 20
[2025-12-04T18:51:41.838+0600] {logging_mixin.py:154} INFO - >>> Обработка: https://kolesa.kz/cars/almaty/?page=5
[2025-12-04T18:51:45.019+0600] {logging_mixin.py:154} INFO -    Найдено: 20
[2025-12-04T18:51:47.515+0600] {logging_mixin.py:154} INFO - >>> Обработка: https://kolesa.kz/cars/almaty/?page=6
[2025-12-04T18:51:50.850+0600] {logging_mixin.py:154} INFO -    Найдено: 20
[2025-12-04T18:51:53.210+0600] {logging_mixin.py:154} INFO - >>> Обработка: https://kolesa.kz/cars/almaty/?page=7
[2025-12-04T18:51:56.505+0600] {logging_mixin.py:154} INFO -    Найдено: 20
[2025-12-04T18:51:58.312+0600] {logging_mixin.py:154} INFO - >>> Обработка: https://kolesa.kz/cars/almaty/?page=8
[2025-12-04T18:52:01.411+0600] {logging_mixin.py:154} INFO -    Найдено: 20
[2025-12-04T18:52:02.921+0600] {logging_mixin.py:154} INFO - >>> Обработка: https://kolesa.kz/cars/almaty/?page=9
[2025-12-04T18:52:06.130+0600] {logging_mixin.py:154} INFO -    Найдено: 20
[2025-12-04T18:52:07.694+0600] {logging_mixin.py:154} INFO - ✅ УСПЕХ! Данные сохранены: 160 строк.
[2025-12-04T18:52:07.694+0600] {python.py:194} INFO - Done. Returned value was: None
[2025-12-04T18:52:07.708+0600] {taskinstance.py:1400} INFO - Marking task as SUCCESS. dag_id=kolesa_trucks_etl, task_id=scrape_data, execution_date=20251204T125113, start_date=20251204T125115, end_date=20251204T125207
[2025-12-04T18:52:07.740+0600] {local_task_job_runner.py:228} INFO - Task exited with return code 0
[2025-12-04T18:52:07.765+0600] {taskinstance.py:2778} INFO - 1 downstream tasks scheduled from follow-on schedule check
