[2025-12-04T19:25:10.783+0600] {taskinstance.py:1159} INFO - Dependencies all met for dep_context=non-requeueable deps ti=<TaskInstance: kolesa_trucks_etl.scrape_data manual__2025-12-04T13:25:08.934554+00:00 [queued]>
[2025-12-04T19:25:10.786+0600] {taskinstance.py:1159} INFO - Dependencies all met for dep_context=requeueable deps ti=<TaskInstance: kolesa_trucks_etl.scrape_data manual__2025-12-04T13:25:08.934554+00:00 [queued]>
[2025-12-04T19:25:10.786+0600] {taskinstance.py:1361} INFO - Starting attempt 1 of 2
[2025-12-04T19:25:10.795+0600] {taskinstance.py:1382} INFO - Executing <Task(PythonOperator): scrape_data> on 2025-12-04 13:25:08.934554+00:00
[2025-12-04T19:25:10.804+0600] {standard_task_runner.py:57} INFO - Started process 302 to run task
[2025-12-04T19:25:10.807+0600] {standard_task_runner.py:84} INFO - Running: ['airflow', 'tasks', 'run', 'kolesa_trucks_etl', 'scrape_data', 'manual__2025-12-04T13:25:08.934554+00:00', '--job-id', '35', '--raw', '--subdir', 'DAGS_FOLDER/airflow_dag.py', '--cfg-path', '/tmp/tmpm4iud248']
[2025-12-04T19:25:10.808+0600] {standard_task_runner.py:85} INFO - Job 35: Subtask scrape_data
[2025-12-04T19:25:10.840+0600] {task_command.py:416} INFO - Running <TaskInstance: kolesa_trucks_etl.scrape_data manual__2025-12-04T13:25:08.934554+00:00 [running]> on host 30355a3944ea
[2025-12-04T19:25:10.874+0600] {taskinstance.py:1662} INFO - Exporting env vars: AIRFLOW_CTX_DAG_OWNER='student_team' AIRFLOW_CTX_DAG_ID='kolesa_trucks_etl' AIRFLOW_CTX_TASK_ID='scrape_data' AIRFLOW_CTX_EXECUTION_DATE='2025-12-04T13:25:08.934554+00:00' AIRFLOW_CTX_TRY_NUMBER='1' AIRFLOW_CTX_DAG_RUN_ID='manual__2025-12-04T13:25:08.934554+00:00'
[2025-12-04T19:25:10.874+0600] {logging_mixin.py:154} INFO - --- ЗАПУСК СКРАПЕРА ---
[2025-12-04T19:25:10.875+0600] {logging_mixin.py:154} INFO - Путь для сохранения: /app/data/raw_data.csv
[2025-12-04T19:25:11.293+0600] {logging_mixin.py:154} INFO - >>> Страница 1: https://kolesa.kz/cars/almaty/?page=1
[2025-12-04T19:25:15.550+0600] {logging_mixin.py:154} INFO - Ошибка страницы 1: net::ERR_TOO_MANY_REDIRECTS at https://kolesa.kz/cars/almaty/?page=1
[2025-12-04T19:25:17.194+0600] {logging_mixin.py:154} INFO - >>> Страница 2: https://kolesa.kz/cars/almaty/?page=2
[2025-12-04T19:25:20.103+0600] {logging_mixin.py:154} INFO -    Найдено объявлений: 20
[2025-12-04T19:25:22.591+0600] {logging_mixin.py:154} INFO - >>> Страница 3: https://kolesa.kz/cars/almaty/?page=3
[2025-12-04T19:25:25.504+0600] {logging_mixin.py:154} INFO -    Найдено объявлений: 20
[2025-12-04T19:25:27.243+0600] {logging_mixin.py:154} INFO - >>> Страница 4: https://kolesa.kz/cars/almaty/?page=4
[2025-12-04T19:25:30.515+0600] {logging_mixin.py:154} INFO -    Найдено объявлений: 20
[2025-12-04T19:25:32.648+0600] {logging_mixin.py:154} INFO - >>> Страница 5: https://kolesa.kz/cars/almaty/?page=5
[2025-12-04T19:25:35.627+0600] {logging_mixin.py:154} INFO -    Найдено объявлений: 20
[2025-12-04T19:25:37.375+0600] {logging_mixin.py:154} INFO - >>> Страница 6: https://kolesa.kz/cars/almaty/?page=6
[2025-12-04T19:25:40.644+0600] {logging_mixin.py:154} INFO -    Найдено объявлений: 20
[2025-12-04T19:25:42.205+0600] {logging_mixin.py:154} INFO - >>> Страница 7: https://kolesa.kz/cars/almaty/?page=7
[2025-12-04T19:25:45.469+0600] {logging_mixin.py:154} INFO -    Найдено объявлений: 20
[2025-12-04T19:25:47.161+0600] {logging_mixin.py:154} INFO - >>> Страница 8: https://kolesa.kz/cars/almaty/?page=8
[2025-12-04T19:25:50.284+0600] {logging_mixin.py:154} INFO -    Найдено объявлений: 20
[2025-12-04T19:25:52.558+0600] {logging_mixin.py:154} INFO - >>> Страница 9: https://kolesa.kz/cars/almaty/?page=9
[2025-12-04T19:25:55.306+0600] {logging_mixin.py:154} INFO -    Найдено объявлений: 20
[2025-12-04T19:25:57.214+0600] {logging_mixin.py:154} INFO - ✅ УСПЕХ! Сохранено 160 строк в /app/data/raw_data.csv
[2025-12-04T19:25:57.215+0600] {python.py:194} INFO - Done. Returned value was: None
[2025-12-04T19:25:57.232+0600] {taskinstance.py:1400} INFO - Marking task as SUCCESS. dag_id=kolesa_trucks_etl, task_id=scrape_data, execution_date=20251204T132508, start_date=20251204T132510, end_date=20251204T132557
[2025-12-04T19:25:57.287+0600] {local_task_job_runner.py:228} INFO - Task exited with return code 0
[2025-12-04T19:25:57.311+0600] {taskinstance.py:2778} INFO - 1 downstream tasks scheduled from follow-on schedule check
