[2025-12-04T19:13:21.577+0600] {taskinstance.py:1159} INFO - Dependencies all met for dep_context=non-requeueable deps ti=<TaskInstance: kolesa_trucks_etl.scrape_data manual__2025-12-04T13:13:19.904070+00:00 [queued]>
[2025-12-04T19:13:21.580+0600] {taskinstance.py:1159} INFO - Dependencies all met for dep_context=requeueable deps ti=<TaskInstance: kolesa_trucks_etl.scrape_data manual__2025-12-04T13:13:19.904070+00:00 [queued]>
[2025-12-04T19:13:21.580+0600] {taskinstance.py:1361} INFO - Starting attempt 1 of 2
[2025-12-04T19:13:21.588+0600] {taskinstance.py:1382} INFO - Executing <Task(PythonOperator): scrape_data> on 2025-12-04 13:13:19.904070+00:00
[2025-12-04T19:13:21.591+0600] {standard_task_runner.py:57} INFO - Started process 53 to run task
[2025-12-04T19:13:21.601+0600] {standard_task_runner.py:84} INFO - Running: ['airflow', 'tasks', 'run', 'kolesa_trucks_etl', 'scrape_data', 'manual__2025-12-04T13:13:19.904070+00:00', '--job-id', '28', '--raw', '--subdir', 'DAGS_FOLDER/airflow_dag.py', '--cfg-path', '/tmp/tmpr5ptwcjf']
[2025-12-04T19:13:21.602+0600] {standard_task_runner.py:85} INFO - Job 28: Subtask scrape_data
[2025-12-04T19:13:21.627+0600] {task_command.py:416} INFO - Running <TaskInstance: kolesa_trucks_etl.scrape_data manual__2025-12-04T13:13:19.904070+00:00 [running]> on host 46074d81a1bb
[2025-12-04T19:13:21.666+0600] {taskinstance.py:1662} INFO - Exporting env vars: AIRFLOW_CTX_DAG_OWNER='student_team' AIRFLOW_CTX_DAG_ID='kolesa_trucks_etl' AIRFLOW_CTX_TASK_ID='scrape_data' AIRFLOW_CTX_EXECUTION_DATE='2025-12-04T13:13:19.904070+00:00' AIRFLOW_CTX_TRY_NUMBER='1' AIRFLOW_CTX_DAG_RUN_ID='manual__2025-12-04T13:13:19.904070+00:00'
[2025-12-04T19:13:21.667+0600] {logging_mixin.py:154} INFO - --- ЗАПУСК СКРАПЕРА В DOCKER (HEADLESS) ---
[2025-12-04T19:13:22.325+0600] {logging_mixin.py:154} INFO - >>> Обработка: https://kolesa.kz/cars/almaty/?page=1
[2025-12-04T19:13:26.564+0600] {logging_mixin.py:154} INFO - Ошибка: net::ERR_TOO_MANY_REDIRECTS at https://kolesa.kz/cars/almaty/?page=1
[2025-12-04T19:13:28.327+0600] {logging_mixin.py:154} INFO - >>> Обработка: https://kolesa.kz/cars/almaty/?page=2
[2025-12-04T19:13:32.064+0600] {logging_mixin.py:154} INFO -    Найдено: 20
[2025-12-04T19:13:36.481+0600] {logging_mixin.py:154} INFO - >>> Обработка: https://kolesa.kz/cars/almaty/?page=3
[2025-12-04T19:13:39.780+0600] {logging_mixin.py:154} INFO -    Найдено: 20
[2025-12-04T19:13:41.363+0600] {logging_mixin.py:154} INFO - >>> Обработка: https://kolesa.kz/cars/almaty/?page=4
[2025-12-04T19:13:44.447+0600] {logging_mixin.py:154} INFO -    Найдено: 20
[2025-12-04T19:13:46.111+0600] {logging_mixin.py:154} INFO - >>> Обработка: https://kolesa.kz/cars/almaty/?page=5
[2025-12-04T19:13:49.340+0600] {logging_mixin.py:154} INFO -    Найдено: 20
[2025-12-04T19:13:53.130+0600] {logging_mixin.py:154} INFO - >>> Обработка: https://kolesa.kz/cars/almaty/?page=6
[2025-12-04T19:13:56.596+0600] {logging_mixin.py:154} INFO -    Найдено: 20
[2025-12-04T19:13:59.705+0600] {logging_mixin.py:154} INFO - >>> Обработка: https://kolesa.kz/cars/almaty/?page=7
[2025-12-04T19:14:02.982+0600] {logging_mixin.py:154} INFO -    Найдено: 20
[2025-12-04T19:14:06.433+0600] {logging_mixin.py:154} INFO - >>> Обработка: https://kolesa.kz/cars/almaty/?page=8
[2025-12-04T19:14:09.772+0600] {logging_mixin.py:154} INFO -    Найдено: 20
[2025-12-04T19:14:11.882+0600] {logging_mixin.py:154} INFO - >>> Обработка: https://kolesa.kz/cars/almaty/?page=9
[2025-12-04T19:14:15.639+0600] {logging_mixin.py:154} INFO -    Найдено: 20
[2025-12-04T19:14:19.123+0600] {logging_mixin.py:154} INFO - ✅ УСПЕХ! Данные сохранены: 160 строк.
[2025-12-04T19:14:19.124+0600] {python.py:194} INFO - Done. Returned value was: None
[2025-12-04T19:14:19.137+0600] {taskinstance.py:1400} INFO - Marking task as SUCCESS. dag_id=kolesa_trucks_etl, task_id=scrape_data, execution_date=20251204T131319, start_date=20251204T131321, end_date=20251204T131419
[2025-12-04T19:14:19.187+0600] {local_task_job_runner.py:228} INFO - Task exited with return code 0
[2025-12-04T19:14:19.209+0600] {taskinstance.py:2778} INFO - 1 downstream tasks scheduled from follow-on schedule check
