[2025-12-04T18:44:17.675+0600] {taskinstance.py:1159} INFO - Dependencies all met for dep_context=non-requeueable deps ti=<TaskInstance: kolesa_trucks_etl.scrape_data manual__2025-12-04T12:44:15.658258+00:00 [queued]>
[2025-12-04T18:44:17.680+0600] {taskinstance.py:1159} INFO - Dependencies all met for dep_context=requeueable deps ti=<TaskInstance: kolesa_trucks_etl.scrape_data manual__2025-12-04T12:44:15.658258+00:00 [queued]>
[2025-12-04T18:44:17.680+0600] {taskinstance.py:1361} INFO - Starting attempt 1 of 2
[2025-12-04T18:44:17.689+0600] {taskinstance.py:1382} INFO - Executing <Task(PythonOperator): scrape_data> on 2025-12-04 12:44:15.658258+00:00
[2025-12-04T18:44:17.693+0600] {standard_task_runner.py:57} INFO - Started process 663 to run task
[2025-12-04T18:44:17.696+0600] {standard_task_runner.py:84} INFO - Running: ['airflow', 'tasks', 'run', 'kolesa_trucks_etl', 'scrape_data', 'manual__2025-12-04T12:44:15.658258+00:00', '--job-id', '16', '--raw', '--subdir', 'DAGS_FOLDER/airflow_dag.py', '--cfg-path', '/tmp/tmpbed_2oxu']
[2025-12-04T18:44:17.699+0600] {standard_task_runner.py:85} INFO - Job 16: Subtask scrape_data
[2025-12-04T18:44:17.726+0600] {task_command.py:416} INFO - Running <TaskInstance: kolesa_trucks_etl.scrape_data manual__2025-12-04T12:44:15.658258+00:00 [running]> on host 7e7c107b85a3
[2025-12-04T18:44:17.769+0600] {taskinstance.py:1662} INFO - Exporting env vars: AIRFLOW_CTX_DAG_OWNER='student_team' AIRFLOW_CTX_DAG_ID='kolesa_trucks_etl' AIRFLOW_CTX_TASK_ID='scrape_data' AIRFLOW_CTX_EXECUTION_DATE='2025-12-04T12:44:15.658258+00:00' AIRFLOW_CTX_TRY_NUMBER='1' AIRFLOW_CTX_DAG_RUN_ID='manual__2025-12-04T12:44:15.658258+00:00'
[2025-12-04T18:44:17.770+0600] {logging_mixin.py:154} INFO - --- ЗАПУСК СКРАПЕРА В DOCKER (HEADLESS) ---
[2025-12-04T18:44:18.382+0600] {logging_mixin.py:154} INFO - >>> Обработка: https://kolesa.kz/cars/almaty/?page=1
[2025-12-04T18:44:22.747+0600] {logging_mixin.py:154} INFO - Ошибка: net::ERR_TOO_MANY_REDIRECTS at https://kolesa.kz/cars/almaty/?page=1
[2025-12-04T18:44:25.666+0600] {logging_mixin.py:154} INFO - >>> Обработка: https://kolesa.kz/cars/almaty/?page=2
[2025-12-04T18:44:29.102+0600] {logging_mixin.py:154} INFO -    Найдено: 20
[2025-12-04T18:44:32.116+0600] {logging_mixin.py:154} INFO - >>> Обработка: https://kolesa.kz/cars/almaty/?page=3
[2025-12-04T18:44:35.710+0600] {logging_mixin.py:154} INFO -    Найдено: 20
[2025-12-04T18:44:37.668+0600] {logging_mixin.py:154} INFO - >>> Обработка: https://kolesa.kz/cars/almaty/?page=4
[2025-12-04T18:44:41.300+0600] {logging_mixin.py:154} INFO -    Найдено: 20
[2025-12-04T18:44:43.708+0600] {logging_mixin.py:154} INFO - >>> Обработка: https://kolesa.kz/cars/almaty/?page=5
[2025-12-04T18:44:47.362+0600] {logging_mixin.py:154} INFO -    Найдено: 20
[2025-12-04T18:44:49.908+0600] {logging_mixin.py:154} INFO - >>> Обработка: https://kolesa.kz/cars/almaty/?page=6
[2025-12-04T18:44:53.190+0600] {logging_mixin.py:154} INFO -    Найдено: 20
[2025-12-04T18:44:55.093+0600] {logging_mixin.py:154} INFO - >>> Обработка: https://kolesa.kz/cars/almaty/?page=7
[2025-12-04T18:44:58.266+0600] {logging_mixin.py:154} INFO -    Найдено: 20
[2025-12-04T18:45:00.560+0600] {logging_mixin.py:154} INFO - >>> Обработка: https://kolesa.kz/cars/almaty/?page=8
[2025-12-04T18:45:03.902+0600] {logging_mixin.py:154} INFO -    Найдено: 20
[2025-12-04T18:45:06.552+0600] {logging_mixin.py:154} INFO - >>> Обработка: https://kolesa.kz/cars/almaty/?page=9
[2025-12-04T18:45:09.753+0600] {logging_mixin.py:154} INFO -    Найдено: 20
[2025-12-04T18:45:12.710+0600] {logging_mixin.py:154} INFO - ✅ УСПЕХ! Данные сохранены: 160 строк.
[2025-12-04T18:45:12.711+0600] {python.py:194} INFO - Done. Returned value was: None
[2025-12-04T18:45:12.729+0600] {taskinstance.py:1400} INFO - Marking task as SUCCESS. dag_id=kolesa_trucks_etl, task_id=scrape_data, execution_date=20251204T124415, start_date=20251204T124417, end_date=20251204T124512
[2025-12-04T18:45:12.787+0600] {local_task_job_runner.py:228} INFO - Task exited with return code 0
[2025-12-04T18:45:12.825+0600] {taskinstance.py:2778} INFO - 1 downstream tasks scheduled from follow-on schedule check
