[2025-12-04T17:16:35.974+0600] {manager.py:487} INFO - Processing files using up to 1 processes at a time 
[2025-12-04T17:16:35.975+0600] {manager.py:488} INFO - Process each file at most once every 30 seconds
[2025-12-04T17:16:35.975+0600] {manager.py:489} INFO - Checking for new files in /app/src every 300 seconds
[2025-12-04T17:16:35.975+0600] {manager.py:755} INFO - Searching for files in /app/src
[2025-12-04T17:16:35.982+0600] {manager.py:758} INFO - There are 0 files in /app/src
[2025-12-04T17:21:36.032+0600] {manager.py:755} INFO - Searching for files in /app/src
[2025-12-04T17:21:36.044+0600] {manager.py:758} INFO - There are 0 files in /app/src
[2025-12-04T17:26:36.100+0600] {manager.py:755} INFO - Searching for files in /app/src
[2025-12-04T17:26:36.105+0600] {manager.py:758} INFO - There are 0 files in /app/src
[2025-12-04T17:30:32.741+0600] {manager.py:487} INFO - Processing files using up to 1 processes at a time 
[2025-12-04T17:30:32.741+0600] {manager.py:488} INFO - Process each file at most once every 30 seconds
[2025-12-04T17:30:32.741+0600] {manager.py:489} INFO - Checking for new files in /app/src every 300 seconds
[2025-12-04T17:30:32.742+0600] {manager.py:755} INFO - Searching for files in /app/src
[2025-12-04T17:30:32.746+0600] {manager.py:758} INFO - There are 1 files in /app/src
[2025-12-04T17:30:32.988+0600] {manager.py:887} INFO - 
================================================================================
DAG File Processing Stats

File Path                PID    Runtime      # DAGs    # Errors  Last Runtime    Last Run
-----------------------  -----  ---------  --------  ----------  --------------  -------------------
/app/src/airflow_dag.py                           0           1  0.11s           2025-12-04T11:30:32
================================================================================
[2025-12-04T17:31:03.166+0600] {manager.py:887} INFO - 
================================================================================
DAG File Processing Stats

File Path                PID    Runtime      # DAGs    # Errors  Last Runtime    Last Run
-----------------------  -----  ---------  --------  ----------  --------------  -------------------
/app/src/airflow_dag.py                           0           1  0.11s           2025-12-04T11:31:03
================================================================================
[2025-12-04T17:31:33.639+0600] {manager.py:887} INFO - 
================================================================================
DAG File Processing Stats

File Path                PID    Runtime      # DAGs    # Errors  Last Runtime    Last Run
-----------------------  -----  ---------  --------  ----------  --------------  -------------------
/app/src/airflow_dag.py                           0           1  0.12s           2025-12-04T11:31:33
================================================================================
[2025-12-04T17:32:04.110+0600] {manager.py:887} INFO - 
================================================================================
DAG File Processing Stats

File Path                PID    Runtime      # DAGs    # Errors  Last Runtime    Last Run
-----------------------  -----  ---------  --------  ----------  --------------  -------------------
/app/src/airflow_dag.py                           0           1  0.12s           2025-12-04T11:32:04
================================================================================
[2025-12-04T17:32:34.461+0600] {manager.py:887} INFO - 
================================================================================
DAG File Processing Stats

File Path                PID    Runtime      # DAGs    # Errors  Last Runtime    Last Run
-----------------------  -----  ---------  --------  ----------  --------------  -------------------
/app/src/airflow_dag.py                           0           1  0.12s           2025-12-04T11:32:34
================================================================================
[2025-12-04T17:33:04.614+0600] {manager.py:887} INFO - 
================================================================================
DAG File Processing Stats

File Path                PID    Runtime      # DAGs    # Errors  Last Runtime    Last Run
-----------------------  -----  ---------  --------  ----------  --------------  -------------------
/app/src/airflow_dag.py                           0           1  0.12s           2025-12-04T11:33:04
================================================================================
[2025-12-04T17:33:34.760+0600] {manager.py:887} INFO - 
================================================================================
DAG File Processing Stats

File Path                PID    Runtime      # DAGs    # Errors  Last Runtime    Last Run
-----------------------  -----  ---------  --------  ----------  --------------  -------------------
/app/src/airflow_dag.py                           0           1  0.12s           2025-12-04T11:33:34
================================================================================
[2025-12-04T17:34:04.908+0600] {manager.py:887} INFO - 
================================================================================
DAG File Processing Stats

File Path                PID    Runtime      # DAGs    # Errors  Last Runtime    Last Run
-----------------------  -----  ---------  --------  ----------  --------------  -------------------
/app/src/airflow_dag.py                           0           1  0.11s           2025-12-04T11:34:04
================================================================================
[2025-12-04T17:34:35.112+0600] {manager.py:887} INFO - 
================================================================================
DAG File Processing Stats

File Path                PID    Runtime      # DAGs    # Errors  Last Runtime    Last Run
-----------------------  -----  ---------  --------  ----------  --------------  -------------------
/app/src/airflow_dag.py                           0           1  0.12s           2025-12-04T11:34:35
================================================================================
[2025-12-04T17:35:05.277+0600] {manager.py:887} INFO - 
================================================================================
DAG File Processing Stats

File Path                PID    Runtime      # DAGs    # Errors  Last Runtime    Last Run
-----------------------  -----  ---------  --------  ----------  --------------  -------------------
/app/src/airflow_dag.py                           0           1  0.12s           2025-12-04T11:35:05
================================================================================
[2025-12-04T17:35:56.437+0600] {manager.py:487} INFO - Processing files using up to 1 processes at a time 
[2025-12-04T17:35:56.437+0600] {manager.py:488} INFO - Process each file at most once every 30 seconds
[2025-12-04T17:35:56.437+0600] {manager.py:489} INFO - Checking for new files in /app/src every 300 seconds
[2025-12-04T17:35:56.437+0600] {manager.py:755} INFO - Searching for files in /app/src
[2025-12-04T17:35:56.440+0600] {manager.py:758} INFO - There are 1 files in /app/src
[2025-12-04T17:35:56.942+0600] {manager.py:887} INFO - 
================================================================================
DAG File Processing Stats

File Path                PID    Runtime      # DAGs    # Errors  Last Runtime    Last Run
-----------------------  -----  ---------  --------  ----------  --------------  -------------------
/app/src/airflow_dag.py                           1           0  0.41s           2025-12-04T11:35:56
================================================================================
[2025-12-04T17:36:28.154+0600] {manager.py:887} INFO - 
================================================================================
DAG File Processing Stats

File Path                PID    Runtime      # DAGs    # Errors  Last Runtime    Last Run
-----------------------  -----  ---------  --------  ----------  --------------  -------------------
/app/src/airflow_dag.py                           1           0  0.42s           2025-12-04T11:36:28
================================================================================
[2025-12-04T17:36:59.600+0600] {manager.py:887} INFO - 
================================================================================
DAG File Processing Stats

File Path                PID    Runtime      # DAGs    # Errors  Last Runtime    Last Run
-----------------------  -----  ---------  --------  ----------  --------------  -------------------
/app/src/airflow_dag.py                           1           0  0.43s           2025-12-04T11:36:59
================================================================================
[2025-12-04T17:37:31.034+0600] {manager.py:887} INFO - 
================================================================================
DAG File Processing Stats

File Path                PID    Runtime      # DAGs    # Errors  Last Runtime    Last Run
-----------------------  -----  ---------  --------  ----------  --------------  -------------------
/app/src/airflow_dag.py                           1           0  0.42s           2025-12-04T11:37:31
================================================================================
[2025-12-04T17:38:02.555+0600] {manager.py:887} INFO - 
================================================================================
DAG File Processing Stats

File Path                PID    Runtime      # DAGs    # Errors  Last Runtime    Last Run
-----------------------  -----  ---------  --------  ----------  --------------  -------------------
/app/src/airflow_dag.py                           1           0  0.52s           2025-12-04T11:38:02
================================================================================
[2025-12-04T17:38:33.889+0600] {manager.py:887} INFO - 
================================================================================
DAG File Processing Stats

File Path                PID    Runtime      # DAGs    # Errors  Last Runtime    Last Run
-----------------------  -----  ---------  --------  ----------  --------------  -------------------
/app/src/airflow_dag.py                           1           0  0.64s           2025-12-04T11:38:33
================================================================================
[2025-12-04T17:39:04.784+0600] {manager.py:887} INFO - 
================================================================================
DAG File Processing Stats

File Path                PID    Runtime      # DAGs    # Errors  Last Runtime    Last Run
-----------------------  -----  ---------  --------  ----------  --------------  -------------------
/app/src/airflow_dag.py                           1           0  0.52s           2025-12-04T11:39:04
================================================================================
[2025-12-04T17:39:35.801+0600] {manager.py:887} INFO - 
================================================================================
DAG File Processing Stats

File Path                PID    Runtime      # DAGs    # Errors  Last Runtime    Last Run
-----------------------  -----  ---------  --------  ----------  --------------  -------------------
/app/src/airflow_dag.py                           1           0  0.63s           2025-12-04T11:39:35
================================================================================
[2025-12-04T17:40:06.797+0600] {manager.py:887} INFO - 
================================================================================
DAG File Processing Stats

File Path                PID    Runtime      # DAGs    # Errors  Last Runtime    Last Run
-----------------------  -----  ---------  --------  ----------  --------------  -------------------
/app/src/airflow_dag.py                           1           0  0.63s           2025-12-04T11:40:06
================================================================================
[2025-12-04T17:40:37.609+0600] {manager.py:887} INFO - 
================================================================================
DAG File Processing Stats

File Path                PID    Runtime      # DAGs    # Errors  Last Runtime    Last Run
-----------------------  -----  ---------  --------  ----------  --------------  -------------------
/app/src/airflow_dag.py                           1           0  0.43s           2025-12-04T11:40:37
================================================================================
[2025-12-04T17:40:56.439+0600] {manager.py:755} INFO - Searching for files in /app/src
[2025-12-04T17:40:56.455+0600] {manager.py:758} INFO - There are 1 files in /app/src
[2025-12-04T17:41:08.447+0600] {manager.py:887} INFO - 
================================================================================
DAG File Processing Stats

File Path                PID    Runtime      # DAGs    # Errors  Last Runtime    Last Run
-----------------------  -----  ---------  --------  ----------  --------------  -------------------
/app/src/airflow_dag.py                           1           0  0.43s           2025-12-04T11:41:08
================================================================================
[2025-12-04T17:41:39.114+0600] {manager.py:887} INFO - 
================================================================================
DAG File Processing Stats

File Path                PID    Runtime      # DAGs    # Errors  Last Runtime    Last Run
-----------------------  -----  ---------  --------  ----------  --------------  -------------------
/app/src/airflow_dag.py                           1           0  0.52s           2025-12-04T11:41:39
================================================================================
[2025-12-04T17:42:09.943+0600] {manager.py:887} INFO - 
================================================================================
DAG File Processing Stats

File Path                PID    Runtime      # DAGs    # Errors  Last Runtime    Last Run
-----------------------  -----  ---------  --------  ----------  --------------  -------------------
/app/src/airflow_dag.py                           1           0  0.63s           2025-12-04T11:42:09
================================================================================
[2025-12-04T17:42:40.782+0600] {manager.py:887} INFO - 
================================================================================
DAG File Processing Stats

File Path                PID    Runtime      # DAGs    # Errors  Last Runtime    Last Run
-----------------------  -----  ---------  --------  ----------  --------------  -------------------
/app/src/airflow_dag.py                           1           0  0.63s           2025-12-04T11:42:40
================================================================================
[2025-12-04T17:43:11.594+0600] {manager.py:887} INFO - 
================================================================================
DAG File Processing Stats

File Path                PID    Runtime      # DAGs    # Errors  Last Runtime    Last Run
-----------------------  -----  ---------  --------  ----------  --------------  -------------------
/app/src/airflow_dag.py                           1           0  0.63s           2025-12-04T11:43:11
================================================================================
[2025-12-04T17:43:42.284+0600] {manager.py:887} INFO - 
================================================================================
DAG File Processing Stats

File Path                PID    Runtime      # DAGs    # Errors  Last Runtime    Last Run
-----------------------  -----  ---------  --------  ----------  --------------  -------------------
/app/src/airflow_dag.py                           1           0  0.52s           2025-12-04T11:43:42
================================================================================
[2025-12-04T17:44:12.975+0600] {manager.py:887} INFO - 
================================================================================
DAG File Processing Stats

File Path                PID    Runtime      # DAGs    # Errors  Last Runtime    Last Run
-----------------------  -----  ---------  --------  ----------  --------------  -------------------
/app/src/airflow_dag.py                           1           0  0.53s           2025-12-04T11:44:12
================================================================================
[2025-12-04T17:44:43.667+0600] {manager.py:887} INFO - 
================================================================================
DAG File Processing Stats

File Path                PID    Runtime      # DAGs    # Errors  Last Runtime    Last Run
-----------------------  -----  ---------  --------  ----------  --------------  -------------------
/app/src/airflow_dag.py                           1           0  0.52s           2025-12-04T11:44:43
================================================================================
[2025-12-04T17:45:14.209+0600] {manager.py:887} INFO - 
================================================================================
DAG File Processing Stats

File Path                PID    Runtime      # DAGs    # Errors  Last Runtime    Last Run
-----------------------  -----  ---------  --------  ----------  --------------  -------------------
/app/src/airflow_dag.py                           1           0  0.42s           2025-12-04T11:45:14
================================================================================
[2025-12-04T17:45:44.838+0600] {manager.py:887} INFO - 
================================================================================
DAG File Processing Stats

File Path                PID    Runtime      # DAGs    # Errors  Last Runtime    Last Run
-----------------------  -----  ---------  --------  ----------  --------------  -------------------
/app/src/airflow_dag.py                           1           0  0.53s           2025-12-04T11:45:44
================================================================================
[2025-12-04T17:45:56.510+0600] {manager.py:755} INFO - Searching for files in /app/src
[2025-12-04T17:45:56.526+0600] {manager.py:758} INFO - There are 1 files in /app/src
[2025-12-04T17:46:15.501+0600] {manager.py:887} INFO - 
================================================================================
DAG File Processing Stats

File Path                PID    Runtime      # DAGs    # Errors  Last Runtime    Last Run
-----------------------  -----  ---------  --------  ----------  --------------  -------------------
/app/src/airflow_dag.py                           1           0  0.55s           2025-12-04T11:46:15
================================================================================
[2025-12-04T17:46:46.128+0600] {manager.py:887} INFO - 
================================================================================
DAG File Processing Stats

File Path                PID    Runtime      # DAGs    # Errors  Last Runtime    Last Run
-----------------------  -----  ---------  --------  ----------  --------------  -------------------
/app/src/airflow_dag.py                           1           0  0.53s           2025-12-04T11:46:46
================================================================================
[2025-12-04T17:47:16.730+0600] {manager.py:887} INFO - 
================================================================================
DAG File Processing Stats

File Path                PID    Runtime      # DAGs    # Errors  Last Runtime    Last Run
-----------------------  -----  ---------  --------  ----------  --------------  -------------------
/app/src/airflow_dag.py                           1           0  0.53s           2025-12-04T11:47:16
================================================================================
[2025-12-04T17:47:47.241+0600] {manager.py:887} INFO - 
================================================================================
DAG File Processing Stats

File Path                PID    Runtime      # DAGs    # Errors  Last Runtime    Last Run
-----------------------  -----  ---------  --------  ----------  --------------  -------------------
/app/src/airflow_dag.py                           1           0  0.41s           2025-12-04T11:47:47
================================================================================
[2025-12-04T17:48:17.974+0600] {manager.py:887} INFO - 
================================================================================
DAG File Processing Stats

File Path                PID    Runtime      # DAGs    # Errors  Last Runtime    Last Run
-----------------------  -----  ---------  --------  ----------  --------------  -------------------
/app/src/airflow_dag.py                           1           0  0.63s           2025-12-04T11:48:17
================================================================================
[2025-12-04T17:48:48.512+0600] {manager.py:887} INFO - 
================================================================================
DAG File Processing Stats

File Path                PID    Runtime      # DAGs    # Errors  Last Runtime    Last Run
-----------------------  -----  ---------  --------  ----------  --------------  -------------------
/app/src/airflow_dag.py                           1           0  0.42s           2025-12-04T11:48:48
================================================================================
[2025-12-04T17:49:19.015+0600] {manager.py:887} INFO - 
================================================================================
DAG File Processing Stats

File Path                PID    Runtime      # DAGs    # Errors  Last Runtime    Last Run
-----------------------  -----  ---------  --------  ----------  --------------  -------------------
/app/src/airflow_dag.py                           1           0  0.42s           2025-12-04T11:49:19
================================================================================
[2025-12-04T17:49:49.529+0600] {manager.py:887} INFO - 
================================================================================
DAG File Processing Stats

File Path                PID    Runtime      # DAGs    # Errors  Last Runtime    Last Run
-----------------------  -----  ---------  --------  ----------  --------------  -------------------
/app/src/airflow_dag.py                           1           0  0.42s           2025-12-04T11:49:49
================================================================================
[2025-12-04T18:02:38.328+0600] {manager.py:755} INFO - Searching for files in /app/src
[2025-12-04T18:02:38.335+0600] {manager.py:758} INFO - There are 1 files in /app/src
[2025-12-04T18:02:58.756+0600] {manager.py:887} INFO - 
================================================================================
DAG File Processing Stats

File Path                PID    Runtime      # DAGs    # Errors  Last Runtime    Last Run
-----------------------  -----  ---------  --------  ----------  --------------  -------------------
/app/src/airflow_dag.py                           1           0  0.63s           2025-12-04T12:02:38
================================================================================
[2025-12-04T18:26:53.670+0600] {manager.py:755} INFO - Searching for files in /app/src
[2025-12-04T18:26:53.680+0600] {manager.py:758} INFO - There are 1 files in /app/src
[2025-12-04T18:27:13.890+0600] {manager.py:887} INFO - 
================================================================================
DAG File Processing Stats

File Path                PID    Runtime      # DAGs    # Errors  Last Runtime    Last Run
-----------------------  -----  ---------  --------  ----------  --------------  -------------------
/app/src/airflow_dag.py                           1           0  0.83s           2025-12-04T12:26:54
================================================================================
[2025-12-04T18:27:43.990+0600] {manager.py:887} INFO - 
================================================================================
DAG File Processing Stats

File Path                PID    Runtime      # DAGs    # Errors  Last Runtime    Last Run
-----------------------  -----  ---------  --------  ----------  --------------  -------------------
/app/src/airflow_dag.py                           1           0  0.76s           2025-12-04T12:27:25
================================================================================
[2025-12-04T18:28:32.916+0600] {manager.py:487} INFO - Processing files using up to 1 processes at a time 
[2025-12-04T18:28:32.917+0600] {manager.py:488} INFO - Process each file at most once every 30 seconds
[2025-12-04T18:28:32.917+0600] {manager.py:489} INFO - Checking for new files in /app/src every 300 seconds
[2025-12-04T18:28:32.917+0600] {manager.py:755} INFO - Searching for files in /app/src
[2025-12-04T18:28:32.921+0600] {manager.py:758} INFO - There are 1 files in /app/src
[2025-12-04T18:28:33.675+0600] {manager.py:887} INFO - 
================================================================================
DAG File Processing Stats

File Path                PID    Runtime      # DAGs    # Errors  Last Runtime    Last Run
-----------------------  -----  ---------  --------  ----------  --------------  -------------------
/app/src/airflow_dag.py                           1           0  0.61s           2025-12-04T12:28:33
================================================================================
[2025-12-04T18:29:04.735+0600] {manager.py:887} INFO - 
================================================================================
DAG File Processing Stats

File Path                PID    Runtime      # DAGs    # Errors  Last Runtime    Last Run
-----------------------  -----  ---------  --------  ----------  --------------  -------------------
/app/src/airflow_dag.py                           1           0  0.42s           2025-12-04T12:29:04
================================================================================
[2025-12-04T18:29:36.151+0600] {manager.py:887} INFO - 
================================================================================
DAG File Processing Stats

File Path                PID    Runtime      # DAGs    # Errors  Last Runtime    Last Run
-----------------------  -----  ---------  --------  ----------  --------------  -------------------
/app/src/airflow_dag.py                           1           0  0.42s           2025-12-04T12:29:36
================================================================================
[2025-12-04T18:30:06.630+0600] {manager.py:887} INFO - 
================================================================================
DAG File Processing Stats

File Path                PID    Runtime      # DAGs    # Errors  Last Runtime    Last Run
-----------------------  -----  ---------  --------  ----------  --------------  -------------------
/app/src/airflow_dag.py                           1           0  0.44s           2025-12-04T12:30:06
================================================================================
[2025-12-04T18:30:38.163+0600] {manager.py:887} INFO - 
================================================================================
DAG File Processing Stats

File Path                PID    Runtime      # DAGs    # Errors  Last Runtime    Last Run
-----------------------  -----  ---------  --------  ----------  --------------  -------------------
/app/src/airflow_dag.py                           1           0  0.62s           2025-12-04T12:30:38
================================================================================
[2025-12-04T18:31:09.483+0600] {manager.py:887} INFO - 
================================================================================
DAG File Processing Stats

File Path                PID    Runtime      # DAGs    # Errors  Last Runtime    Last Run
-----------------------  -----  ---------  --------  ----------  --------------  -------------------
/app/src/airflow_dag.py                           1           0  0.53s           2025-12-04T12:31:09
================================================================================
[2025-12-04T18:31:40.713+0600] {manager.py:887} INFO - 
================================================================================
DAG File Processing Stats

File Path                PID    Runtime      # DAGs    # Errors  Last Runtime    Last Run
-----------------------  -----  ---------  --------  ----------  --------------  -------------------
/app/src/airflow_dag.py                           1           0  0.62s           2025-12-04T12:31:40
================================================================================
[2025-12-04T18:32:11.770+0600] {manager.py:887} INFO - 
================================================================================
DAG File Processing Stats

File Path                PID    Runtime      # DAGs    # Errors  Last Runtime    Last Run
-----------------------  -----  ---------  --------  ----------  --------------  -------------------
/app/src/airflow_dag.py                           1           0  0.63s           2025-12-04T12:32:11
================================================================================
[2025-12-04T18:33:08.605+0600] {manager.py:487} INFO - Processing files using up to 1 processes at a time 
[2025-12-04T18:33:08.606+0600] {manager.py:488} INFO - Process each file at most once every 30 seconds
[2025-12-04T18:33:08.606+0600] {manager.py:489} INFO - Checking for new files in /app/src every 300 seconds
[2025-12-04T18:33:08.606+0600] {manager.py:755} INFO - Searching for files in /app/src
[2025-12-04T18:33:08.613+0600] {manager.py:758} INFO - There are 1 files in /app/src
[2025-12-04T18:33:09.333+0600] {manager.py:887} INFO - 
================================================================================
DAG File Processing Stats

File Path                PID    Runtime      # DAGs    # Errors  Last Runtime    Last Run
-----------------------  -----  ---------  --------  ----------  --------------  -------------------
/app/src/airflow_dag.py                           1           0  0.52s           2025-12-04T12:33:09
================================================================================
[2025-12-04T18:33:40.458+0600] {manager.py:887} INFO - 
================================================================================
DAG File Processing Stats

File Path                PID    Runtime      # DAGs    # Errors  Last Runtime    Last Run
-----------------------  -----  ---------  --------  ----------  --------------  -------------------
/app/src/airflow_dag.py                           1           0  0.44s           2025-12-04T12:33:40
================================================================================
[2025-12-04T18:34:11.912+0600] {manager.py:887} INFO - 
================================================================================
DAG File Processing Stats

File Path                PID    Runtime      # DAGs    # Errors  Last Runtime    Last Run
-----------------------  -----  ---------  --------  ----------  --------------  -------------------
/app/src/airflow_dag.py                           1           0  0.42s           2025-12-04T12:34:11
================================================================================
[2025-12-04T18:34:52.934+0600] {manager.py:887} INFO - 
================================================================================
DAG File Processing Stats

File Path                PID    Runtime      # DAGs    # Errors  Last Runtime    Last Run
-----------------------  -----  ---------  --------  ----------  --------------  -------------------
/app/src/airflow_dag.py                           1           0  0.43s           2025-12-04T12:34:52
================================================================================
[2025-12-04T18:35:24.290+0600] {manager.py:887} INFO - 
================================================================================
DAG File Processing Stats

File Path                PID    Runtime      # DAGs    # Errors  Last Runtime    Last Run
-----------------------  -----  ---------  --------  ----------  --------------  -------------------
/app/src/airflow_dag.py                           1           0  0.42s           2025-12-04T12:35:24
================================================================================
[2025-12-04T18:35:55.856+0600] {manager.py:887} INFO - 
================================================================================
DAG File Processing Stats

File Path                PID    Runtime      # DAGs    # Errors  Last Runtime    Last Run
-----------------------  -----  ---------  --------  ----------  --------------  -------------------
/app/src/airflow_dag.py                           1           0  0.53s           2025-12-04T12:35:55
================================================================================
[2025-12-04T18:36:27.477+0600] {manager.py:887} INFO - 
================================================================================
DAG File Processing Stats

File Path                PID    Runtime      # DAGs    # Errors  Last Runtime    Last Run
-----------------------  -----  ---------  --------  ----------  --------------  -------------------
/app/src/airflow_dag.py                           1           0  0.64s           2025-12-04T12:36:27
================================================================================
[2025-12-04T18:36:58.680+0600] {manager.py:887} INFO - 
================================================================================
DAG File Processing Stats

File Path                PID    Runtime      # DAGs    # Errors  Last Runtime    Last Run
-----------------------  -----  ---------  --------  ----------  --------------  -------------------
/app/src/airflow_dag.py                           1           0  0.63s           2025-12-04T12:36:58
================================================================================
[2025-12-04T18:37:29.320+0600] {manager.py:887} INFO - 
================================================================================
DAG File Processing Stats

File Path                PID    Runtime      # DAGs    # Errors  Last Runtime    Last Run
-----------------------  -----  ---------  --------  ----------  --------------  -------------------
/app/src/airflow_dag.py                           1           0  0.53s           2025-12-04T12:37:29
================================================================================
[2025-12-04T18:37:59.961+0600] {manager.py:887} INFO - 
================================================================================
DAG File Processing Stats

File Path                PID    Runtime      # DAGs    # Errors  Last Runtime    Last Run
-----------------------  -----  ---------  --------  ----------  --------------  -------------------
/app/src/airflow_dag.py                           1           0  0.54s           2025-12-04T12:37:59
================================================================================
[2025-12-04T18:38:09.637+0600] {manager.py:755} INFO - Searching for files in /app/src
[2025-12-04T18:38:09.654+0600] {manager.py:758} INFO - There are 1 files in /app/src
[2025-12-04T18:38:30.488+0600] {manager.py:887} INFO - 
================================================================================
DAG File Processing Stats

File Path                PID    Runtime      # DAGs    # Errors  Last Runtime    Last Run
-----------------------  -----  ---------  --------  ----------  --------------  -------------------
/app/src/airflow_dag.py                           1           0  0.42s           2025-12-04T12:38:30
================================================================================
[2025-12-04T18:39:01.118+0600] {manager.py:887} INFO - 
================================================================================
DAG File Processing Stats

File Path                PID    Runtime      # DAGs    # Errors  Last Runtime    Last Run
-----------------------  -----  ---------  --------  ----------  --------------  -------------------
/app/src/airflow_dag.py                           1           0  0.53s           2025-12-04T12:39:01
================================================================================
[2025-12-04T18:39:31.766+0600] {manager.py:887} INFO - 
================================================================================
DAG File Processing Stats

File Path                PID    Runtime      # DAGs    # Errors  Last Runtime    Last Run
-----------------------  -----  ---------  --------  ----------  --------------  -------------------
/app/src/airflow_dag.py                           1           0  0.53s           2025-12-04T12:39:31
================================================================================
[2025-12-04T18:40:02.436+0600] {manager.py:887} INFO - 
================================================================================
DAG File Processing Stats

File Path                PID    Runtime      # DAGs    # Errors  Last Runtime    Last Run
-----------------------  -----  ---------  --------  ----------  --------------  -------------------
/app/src/airflow_dag.py                           1           0  0.54s           2025-12-04T12:40:02
================================================================================
[2025-12-04T18:40:33.201+0600] {manager.py:887} INFO - 
================================================================================
DAG File Processing Stats

File Path                PID    Runtime      # DAGs    # Errors  Last Runtime    Last Run
-----------------------  -----  ---------  --------  ----------  --------------  -------------------
/app/src/airflow_dag.py                           1           0  0.64s           2025-12-04T12:40:33
================================================================================
[2025-12-04T18:41:03.952+0600] {manager.py:887} INFO - 
================================================================================
DAG File Processing Stats

File Path                PID    Runtime      # DAGs    # Errors  Last Runtime    Last Run
-----------------------  -----  ---------  --------  ----------  --------------  -------------------
/app/src/airflow_dag.py                           1           0  0.64s           2025-12-04T12:41:03
================================================================================
[2025-12-04T18:41:34.713+0600] {manager.py:887} INFO - 
================================================================================
DAG File Processing Stats

File Path                PID    Runtime      # DAGs    # Errors  Last Runtime    Last Run
-----------------------  -----  ---------  --------  ----------  --------------  -------------------
/app/src/airflow_dag.py                           1           0  0.63s           2025-12-04T12:41:34
================================================================================
[2025-12-04T18:42:05.582+0600] {manager.py:887} INFO - 
================================================================================
DAG File Processing Stats

File Path                PID    Runtime      # DAGs    # Errors  Last Runtime    Last Run
-----------------------  -----  ---------  --------  ----------  --------------  -------------------
/app/src/airflow_dag.py                           1           0  0.65s           2025-12-04T12:42:05
================================================================================
[2025-12-04T18:42:36.263+0600] {manager.py:887} INFO - 
================================================================================
DAG File Processing Stats

File Path                PID    Runtime      # DAGs    # Errors  Last Runtime    Last Run
-----------------------  -----  ---------  --------  ----------  --------------  -------------------
/app/src/airflow_dag.py                           1           0  0.55s           2025-12-04T12:42:36
================================================================================
[2025-12-04T18:43:06.934+0600] {manager.py:887} INFO - 
================================================================================
DAG File Processing Stats

File Path                PID    Runtime      # DAGs    # Errors  Last Runtime    Last Run
-----------------------  -----  ---------  --------  ----------  --------------  -------------------
/app/src/airflow_dag.py                           1           0  0.54s           2025-12-04T12:43:06
================================================================================
[2025-12-04T18:43:09.676+0600] {manager.py:755} INFO - Searching for files in /app/src
[2025-12-04T18:43:09.690+0600] {manager.py:758} INFO - There are 1 files in /app/src
[2025-12-04T18:43:37.596+0600] {manager.py:887} INFO - 
================================================================================
DAG File Processing Stats

File Path                PID    Runtime      # DAGs    # Errors  Last Runtime    Last Run
-----------------------  -----  ---------  --------  ----------  --------------  -------------------
/app/src/airflow_dag.py                           1           0  0.53s           2025-12-04T12:43:37
================================================================================
[2025-12-04T18:44:08.229+0600] {manager.py:887} INFO - 
================================================================================
DAG File Processing Stats

File Path                PID    Runtime      # DAGs    # Errors  Last Runtime    Last Run
-----------------------  -----  ---------  --------  ----------  --------------  -------------------
/app/src/airflow_dag.py                           1           0  0.53s           2025-12-04T12:44:08
================================================================================
[2025-12-04T18:45:13.187+0600] {manager.py:469} INFO - Exiting gracefully upon receiving signal 15
[2025-12-04T18:45:13.427+0600] {manager.py:487} INFO - Processing files using up to 1 processes at a time 
[2025-12-04T18:45:13.428+0600] {manager.py:488} INFO - Process each file at most once every 30 seconds
[2025-12-04T18:45:13.429+0600] {manager.py:489} INFO - Checking for new files in /app/src every 300 seconds
[2025-12-04T18:45:13.429+0600] {manager.py:755} INFO - Searching for files in /app/src
[2025-12-04T18:45:13.436+0600] {manager.py:758} INFO - There are 1 files in /app/src
[2025-12-04T18:45:14.118+0600] {manager.py:887} INFO - 
================================================================================
DAG File Processing Stats

File Path                PID    Runtime      # DAGs    # Errors  Last Runtime    Last Run
-----------------------  -----  ---------  --------  ----------  --------------  -------------------
/app/src/airflow_dag.py                           1           0  0.63s           2025-12-04T12:45:14
================================================================================
[2025-12-04T18:45:45.454+0600] {manager.py:887} INFO - 
================================================================================
DAG File Processing Stats

File Path                PID    Runtime      # DAGs    # Errors  Last Runtime    Last Run
-----------------------  -----  ---------  --------  ----------  --------------  -------------------
/app/src/airflow_dag.py                           1           0  0.64s           2025-12-04T12:45:45
================================================================================
[2025-12-04T18:46:17.006+0600] {manager.py:887} INFO - 
================================================================================
DAG File Processing Stats

File Path                PID    Runtime      # DAGs    # Errors  Last Runtime    Last Run
-----------------------  -----  ---------  --------  ----------  --------------  -------------------
/app/src/airflow_dag.py                           1           0  0.65s           2025-12-04T12:46:17
================================================================================
[2025-12-04T18:46:48.536+0600] {manager.py:887} INFO - 
================================================================================
DAG File Processing Stats

File Path                PID    Runtime      # DAGs    # Errors  Last Runtime    Last Run
-----------------------  -----  ---------  --------  ----------  --------------  -------------------
/app/src/airflow_dag.py                           1           0  0.66s           2025-12-04T12:46:48
================================================================================
[2025-12-04T18:47:19.953+0600] {manager.py:887} INFO - 
================================================================================
DAG File Processing Stats

File Path                PID    Runtime      # DAGs    # Errors  Last Runtime    Last Run
-----------------------  -----  ---------  --------  ----------  --------------  -------------------
/app/src/airflow_dag.py                           1           0  0.64s           2025-12-04T12:47:19
================================================================================
[2025-12-04T18:47:51.168+0600] {manager.py:887} INFO - 
================================================================================
DAG File Processing Stats

File Path                PID    Runtime      # DAGs    # Errors  Last Runtime    Last Run
-----------------------  -----  ---------  --------  ----------  --------------  -------------------
/app/src/airflow_dag.py                           1           0  0.64s           2025-12-04T12:47:51
================================================================================
[2025-12-04T18:48:22.293+0600] {manager.py:887} INFO - 
================================================================================
DAG File Processing Stats

File Path                PID    Runtime      # DAGs    # Errors  Last Runtime    Last Run
-----------------------  -----  ---------  --------  ----------  --------------  -------------------
/app/src/airflow_dag.py                           1           0  0.64s           2025-12-04T12:48:22
================================================================================
[2025-12-04T18:48:53.380+0600] {manager.py:887} INFO - 
================================================================================
DAG File Processing Stats

File Path                PID    Runtime      # DAGs    # Errors  Last Runtime    Last Run
-----------------------  -----  ---------  --------  ----------  --------------  -------------------
/app/src/airflow_dag.py                           1           0  0.63s           2025-12-04T12:48:53
================================================================================
[2025-12-04T18:49:24.436+0600] {manager.py:887} INFO - 
================================================================================
DAG File Processing Stats

File Path                PID    Runtime      # DAGs    # Errors  Last Runtime    Last Run
-----------------------  -----  ---------  --------  ----------  --------------  -------------------
/app/src/airflow_dag.py                           1           0  0.55s           2025-12-04T12:49:24
================================================================================
[2025-12-04T18:49:55.421+0600] {manager.py:887} INFO - 
================================================================================
DAG File Processing Stats

File Path                PID    Runtime      # DAGs    # Errors  Last Runtime    Last Run
-----------------------  -----  ---------  --------  ----------  --------------  -------------------
/app/src/airflow_dag.py                           1           0  0.55s           2025-12-04T12:49:55
================================================================================
[2025-12-04T18:50:13.605+0600] {manager.py:755} INFO - Searching for files in /app/src
[2025-12-04T18:50:13.624+0600] {manager.py:758} INFO - There are 1 files in /app/src
[2025-12-04T18:50:26.720+0600] {manager.py:887} INFO - 
================================================================================
DAG File Processing Stats

File Path                PID    Runtime      # DAGs    # Errors  Last Runtime    Last Run
-----------------------  -----  ---------  --------  ----------  --------------  -------------------
/app/src/airflow_dag.py                           1           0  0.53s           2025-12-04T12:50:26
================================================================================
[2025-12-04T18:50:57.611+0600] {manager.py:887} INFO - 
================================================================================
DAG File Processing Stats

File Path                PID    Runtime      # DAGs    # Errors  Last Runtime    Last Run
-----------------------  -----  ---------  --------  ----------  --------------  -------------------
/app/src/airflow_dag.py                           1           0  0.55s           2025-12-04T12:50:57
================================================================================
[2025-12-04T18:52:08.177+0600] {manager.py:469} INFO - Exiting gracefully upon receiving signal 15
[2025-12-04T18:52:08.371+0600] {manager.py:487} INFO - Processing files using up to 1 processes at a time 
[2025-12-04T18:52:08.372+0600] {manager.py:488} INFO - Process each file at most once every 30 seconds
[2025-12-04T18:52:08.373+0600] {manager.py:489} INFO - Checking for new files in /app/src every 300 seconds
[2025-12-04T18:52:08.373+0600] {manager.py:755} INFO - Searching for files in /app/src
[2025-12-04T18:52:08.377+0600] {manager.py:758} INFO - There are 1 files in /app/src
[2025-12-04T18:52:08.915+0600] {manager.py:887} INFO - 
================================================================================
DAG File Processing Stats

File Path                PID    Runtime      # DAGs    # Errors  Last Runtime    Last Run
-----------------------  -----  ---------  --------  ----------  --------------  -------------------
/app/src/airflow_dag.py                           1           0  0.51s           2025-12-04T12:52:08
================================================================================
[2025-12-04T18:52:40.319+0600] {manager.py:887} INFO - 
================================================================================
DAG File Processing Stats

File Path                PID    Runtime      # DAGs    # Errors  Last Runtime    Last Run
-----------------------  -----  ---------  --------  ----------  --------------  -------------------
/app/src/airflow_dag.py                           1           0  0.54s           2025-12-04T12:52:40
================================================================================
[2025-12-04T18:53:11.939+0600] {manager.py:887} INFO - 
================================================================================
DAG File Processing Stats

File Path                PID    Runtime      # DAGs    # Errors  Last Runtime    Last Run
-----------------------  -----  ---------  --------  ----------  --------------  -------------------
/app/src/airflow_dag.py                           1           0  0.68s           2025-12-04T12:53:11
================================================================================
[2025-12-04T18:53:43.310+0600] {manager.py:887} INFO - 
================================================================================
DAG File Processing Stats

File Path                PID    Runtime      # DAGs    # Errors  Last Runtime    Last Run
-----------------------  -----  ---------  --------  ----------  --------------  -------------------
/app/src/airflow_dag.py                           1           0  0.44s           2025-12-04T12:53:43
================================================================================
[2025-12-04T18:54:14.287+0600] {manager.py:887} INFO - 
================================================================================
DAG File Processing Stats

File Path                PID    Runtime      # DAGs    # Errors  Last Runtime    Last Run
-----------------------  -----  ---------  --------  ----------  --------------  -------------------
/app/src/airflow_dag.py                           1           0  0.42s           2025-12-04T12:54:14
================================================================================
[2025-12-04T18:54:45.297+0600] {manager.py:887} INFO - 
================================================================================
DAG File Processing Stats

File Path                PID    Runtime      # DAGs    # Errors  Last Runtime    Last Run
-----------------------  -----  ---------  --------  ----------  --------------  -------------------
/app/src/airflow_dag.py                           1           0  0.55s           2025-12-04T12:54:45
================================================================================
[2025-12-04T18:55:16.023+0600] {manager.py:887} INFO - 
================================================================================
DAG File Processing Stats

File Path                PID    Runtime      # DAGs    # Errors  Last Runtime    Last Run
-----------------------  -----  ---------  --------  ----------  --------------  -------------------
/app/src/airflow_dag.py                           1           0  0.63s           2025-12-04T12:55:16
================================================================================
[2025-12-04T18:55:47.040+0600] {manager.py:887} INFO - 
================================================================================
DAG File Processing Stats

File Path                PID    Runtime      # DAGs    # Errors  Last Runtime    Last Run
-----------------------  -----  ---------  --------  ----------  --------------  -------------------
/app/src/airflow_dag.py                           1           0  0.63s           2025-12-04T12:55:47
================================================================================
[2025-12-04T18:56:17.912+0600] {manager.py:887} INFO - 
================================================================================
DAG File Processing Stats

File Path                PID    Runtime      # DAGs    # Errors  Last Runtime    Last Run
-----------------------  -----  ---------  --------  ----------  --------------  -------------------
/app/src/airflow_dag.py                           1           0  0.42s           2025-12-04T12:56:17
================================================================================
[2025-12-04T18:56:48.902+0600] {manager.py:887} INFO - 
================================================================================
DAG File Processing Stats

File Path                PID    Runtime      # DAGs    # Errors  Last Runtime    Last Run
-----------------------  -----  ---------  --------  ----------  --------------  -------------------
/app/src/airflow_dag.py                           1           0  0.54s           2025-12-04T12:56:48
================================================================================
[2025-12-04T18:57:08.403+0600] {manager.py:755} INFO - Searching for files in /app/src
[2025-12-04T18:57:08.419+0600] {manager.py:758} INFO - There are 1 files in /app/src
[2025-12-04T18:57:19.886+0600] {manager.py:887} INFO - 
================================================================================
DAG File Processing Stats

File Path                PID    Runtime      # DAGs    # Errors  Last Runtime    Last Run
-----------------------  -----  ---------  --------  ----------  --------------  -------------------
/app/src/airflow_dag.py                           1           0  0.55s           2025-12-04T12:57:19
================================================================================
[2025-12-04T18:57:50.821+0600] {manager.py:887} INFO - 
================================================================================
DAG File Processing Stats

File Path                PID    Runtime      # DAGs    # Errors  Last Runtime    Last Run
-----------------------  -----  ---------  --------  ----------  --------------  -------------------
/app/src/airflow_dag.py                           1           0  0.54s           2025-12-04T12:57:50
================================================================================
[2025-12-04T18:58:21.784+0600] {manager.py:887} INFO - 
================================================================================
DAG File Processing Stats

File Path                PID    Runtime      # DAGs    # Errors  Last Runtime    Last Run
-----------------------  -----  ---------  --------  ----------  --------------  -------------------
/app/src/airflow_dag.py                           1           0  0.53s           2025-12-04T12:58:21
================================================================================
[2025-12-04T18:58:52.816+0600] {manager.py:887} INFO - 
================================================================================
DAG File Processing Stats

File Path                PID    Runtime      # DAGs    # Errors  Last Runtime    Last Run
-----------------------  -----  ---------  --------  ----------  --------------  -------------------
/app/src/airflow_dag.py                           1           0  0.64s           2025-12-04T12:58:52
================================================================================
[2025-12-04T18:59:23.717+0600] {manager.py:887} INFO - 
================================================================================
DAG File Processing Stats

File Path                PID    Runtime      # DAGs    # Errors  Last Runtime    Last Run
-----------------------  -----  ---------  --------  ----------  --------------  -------------------
/app/src/airflow_dag.py                           1           0  0.73s           2025-12-04T12:59:23
================================================================================
[2025-12-04T18:59:43.265+0600] {manager.py:487} INFO - Processing files using up to 1 processes at a time 
[2025-12-04T18:59:43.267+0600] {manager.py:488} INFO - Process each file at most once every 30 seconds
[2025-12-04T18:59:43.270+0600] {manager.py:489} INFO - Checking for new files in /app/src every 300 seconds
[2025-12-04T18:59:43.270+0600] {manager.py:755} INFO - Searching for files in /app/src
[2025-12-04T18:59:43.276+0600] {manager.py:758} INFO - There are 1 files in /app/src
[2025-12-04T18:59:44.120+0600] {manager.py:887} INFO - 
================================================================================
DAG File Processing Stats

File Path                PID    Runtime      # DAGs    # Errors  Last Runtime    Last Run
-----------------------  -----  ---------  --------  ----------  --------------  -------------------
/app/src/airflow_dag.py                           1           0  0.74s           2025-12-04T12:59:44
================================================================================
[2025-12-04T19:00:15.119+0600] {manager.py:887} INFO - 
================================================================================
DAG File Processing Stats

File Path                PID    Runtime      # DAGs    # Errors  Last Runtime    Last Run
-----------------------  -----  ---------  --------  ----------  --------------  -------------------
/app/src/airflow_dag.py                           1           0  0.53s           2025-12-04T13:00:15
================================================================================
[2025-12-04T19:00:46.493+0600] {manager.py:887} INFO - 
================================================================================
DAG File Processing Stats

File Path                PID    Runtime      # DAGs    # Errors  Last Runtime    Last Run
-----------------------  -----  ---------  --------  ----------  --------------  -------------------
/app/src/airflow_dag.py                           1           0  0.44s           2025-12-04T13:00:46
================================================================================
[2025-12-04T19:01:17.949+0600] {manager.py:887} INFO - 
================================================================================
DAG File Processing Stats

File Path                PID    Runtime      # DAGs    # Errors  Last Runtime    Last Run
-----------------------  -----  ---------  --------  ----------  --------------  -------------------
/app/src/airflow_dag.py                           1           0  0.44s           2025-12-04T13:01:17
================================================================================
[2025-12-04T19:02:40.844+0600] {manager.py:469} INFO - Exiting gracefully upon receiving signal 15
[2025-12-04T19:02:41.060+0600] {manager.py:487} INFO - Processing files using up to 1 processes at a time 
[2025-12-04T19:02:41.061+0600] {manager.py:488} INFO - Process each file at most once every 30 seconds
[2025-12-04T19:02:41.061+0600] {manager.py:489} INFO - Checking for new files in /app/src every 300 seconds
[2025-12-04T19:02:41.061+0600] {manager.py:755} INFO - Searching for files in /app/src
[2025-12-04T19:02:41.068+0600] {manager.py:758} INFO - There are 1 files in /app/src
[2025-12-04T19:02:41.709+0600] {manager.py:887} INFO - 
================================================================================
DAG File Processing Stats

File Path                PID    Runtime      # DAGs    # Errors  Last Runtime    Last Run
-----------------------  -----  ---------  --------  ----------  --------------  -------------------
/app/src/airflow_dag.py                           1           0  0.61s           2025-12-04T13:02:41
================================================================================
[2025-12-04T19:03:12.926+0600] {manager.py:887} INFO - 
================================================================================
DAG File Processing Stats

File Path                PID    Runtime      # DAGs    # Errors  Last Runtime    Last Run
-----------------------  -----  ---------  --------  ----------  --------------  -------------------
/app/src/airflow_dag.py                           1           0  0.54s           2025-12-04T13:03:12
================================================================================
[2025-12-04T19:03:43.888+0600] {manager.py:887} INFO - 
================================================================================
DAG File Processing Stats

File Path                PID    Runtime      # DAGs    # Errors  Last Runtime    Last Run
-----------------------  -----  ---------  --------  ----------  --------------  -------------------
/app/src/airflow_dag.py                           1           0  0.54s           2025-12-04T13:03:43
================================================================================
[2025-12-04T19:04:14.973+0600] {manager.py:887} INFO - 
================================================================================
DAG File Processing Stats

File Path                PID    Runtime      # DAGs    # Errors  Last Runtime    Last Run
-----------------------  -----  ---------  --------  ----------  --------------  -------------------
/app/src/airflow_dag.py                           1           0  0.54s           2025-12-04T13:04:14
================================================================================
[2025-12-04T19:04:18.404+0600] {manager.py:1137} WARNING - Skipping processing of missing file: /app/src/airflow_dag.py
[2025-12-04T19:07:41.281+0600] {manager.py:755} INFO - Searching for files in /app/src
[2025-12-04T19:07:41.301+0600] {manager.py:758} INFO - There are 0 files in /app/src
[2025-12-04T19:10:04.245+0600] {manager.py:487} INFO - Processing files using up to 1 processes at a time 
[2025-12-04T19:10:04.252+0600] {manager.py:488} INFO - Process each file at most once every 30 seconds
[2025-12-04T19:10:04.259+0600] {manager.py:489} INFO - Checking for new files in /app/src every 300 seconds
[2025-12-04T19:10:04.260+0600] {manager.py:755} INFO - Searching for files in /app/src
[2025-12-04T19:10:04.265+0600] {manager.py:758} INFO - There are 0 files in /app/src
[2025-12-04T19:13:06.273+0600] {manager.py:487} INFO - Processing files using up to 1 processes at a time 
[2025-12-04T19:13:06.275+0600] {manager.py:488} INFO - Process each file at most once every 30 seconds
[2025-12-04T19:13:06.276+0600] {manager.py:489} INFO - Checking for new files in /app/src every 300 seconds
[2025-12-04T19:13:06.276+0600] {manager.py:755} INFO - Searching for files in /app/src
[2025-12-04T19:13:06.282+0600] {manager.py:758} INFO - There are 1 files in /app/src
[2025-12-04T19:13:07.133+0600] {manager.py:887} INFO - 
================================================================================
DAG File Processing Stats

File Path                PID    Runtime      # DAGs    # Errors  Last Runtime    Last Run
-----------------------  -----  ---------  --------  ----------  --------------  -------------------
/app/src/airflow_dag.py                           1           0  0.72s           2025-12-04T13:13:07
================================================================================
[2025-12-04T19:14:19.474+0600] {manager.py:469} INFO - Exiting gracefully upon receiving signal 15
[2025-12-04T19:14:19.672+0600] {manager.py:487} INFO - Processing files using up to 1 processes at a time 
[2025-12-04T19:14:19.673+0600] {manager.py:488} INFO - Process each file at most once every 30 seconds
[2025-12-04T19:14:19.673+0600] {manager.py:489} INFO - Checking for new files in /app/src every 300 seconds
[2025-12-04T19:14:19.673+0600] {manager.py:755} INFO - Searching for files in /app/src
[2025-12-04T19:14:19.682+0600] {manager.py:758} INFO - There are 1 files in /app/src
[2025-12-04T19:14:20.441+0600] {manager.py:887} INFO - 
================================================================================
DAG File Processing Stats

File Path                PID    Runtime      # DAGs    # Errors  Last Runtime    Last Run
-----------------------  -----  ---------  --------  ----------  --------------  -------------------
/app/src/airflow_dag.py                           1           0  0.72s           2025-12-04T13:14:20
================================================================================
[2025-12-04T19:14:51.788+0600] {manager.py:887} INFO - 
================================================================================
DAG File Processing Stats

File Path                PID    Runtime      # DAGs    # Errors  Last Runtime    Last Run
-----------------------  -----  ---------  --------  ----------  --------------  -------------------
/app/src/airflow_dag.py                           1           0  0.55s           2025-12-04T13:14:51
================================================================================
[2025-12-04T19:15:23.268+0600] {manager.py:887} INFO - 
================================================================================
DAG File Processing Stats

File Path                PID    Runtime      # DAGs    # Errors  Last Runtime    Last Run
-----------------------  -----  ---------  --------  ----------  --------------  -------------------
/app/src/airflow_dag.py                           1           0  0.54s           2025-12-04T13:15:23
================================================================================
[2025-12-04T19:15:54.800+0600] {manager.py:887} INFO - 
================================================================================
DAG File Processing Stats

File Path                PID    Runtime      # DAGs    # Errors  Last Runtime    Last Run
-----------------------  -----  ---------  --------  ----------  --------------  -------------------
/app/src/airflow_dag.py                           1           0  0.54s           2025-12-04T13:15:54
================================================================================
[2025-12-04T19:16:26.340+0600] {manager.py:887} INFO - 
================================================================================
DAG File Processing Stats

File Path                PID    Runtime      # DAGs    # Errors  Last Runtime    Last Run
-----------------------  -----  ---------  --------  ----------  --------------  -------------------
/app/src/airflow_dag.py                           1           0  0.55s           2025-12-04T13:16:26
================================================================================
[2025-12-04T19:16:57.605+0600] {manager.py:887} INFO - 
================================================================================
DAG File Processing Stats

File Path                PID    Runtime      # DAGs    # Errors  Last Runtime    Last Run
-----------------------  -----  ---------  --------  ----------  --------------  -------------------
/app/src/airflow_dag.py                           1           0  0.62s           2025-12-04T13:16:57
================================================================================
[2025-12-04T19:17:28.779+0600] {manager.py:887} INFO - 
================================================================================
DAG File Processing Stats

File Path                PID    Runtime      # DAGs    # Errors  Last Runtime    Last Run
-----------------------  -----  ---------  --------  ----------  --------------  -------------------
/app/src/airflow_dag.py                           1           0  0.66s           2025-12-04T13:17:28
================================================================================
[2025-12-04T19:17:59.963+0600] {manager.py:887} INFO - 
================================================================================
DAG File Processing Stats

File Path                PID    Runtime      # DAGs    # Errors  Last Runtime    Last Run
-----------------------  -----  ---------  --------  ----------  --------------  -------------------
/app/src/airflow_dag.py                           1           0  0.66s           2025-12-04T13:17:59
================================================================================
[2025-12-04T19:18:31.028+0600] {manager.py:887} INFO - 
================================================================================
DAG File Processing Stats

File Path                PID    Runtime      # DAGs    # Errors  Last Runtime    Last Run
-----------------------  -----  ---------  --------  ----------  --------------  -------------------
/app/src/airflow_dag.py                           1           0  0.63s           2025-12-04T13:18:31
================================================================================
[2025-12-04T19:19:02.019+0600] {manager.py:887} INFO - 
================================================================================
DAG File Processing Stats

File Path                PID    Runtime      # DAGs    # Errors  Last Runtime    Last Run
-----------------------  -----  ---------  --------  ----------  --------------  -------------------
/app/src/airflow_dag.py                           1           0  0.65s           2025-12-04T13:19:02
================================================================================
[2025-12-04T19:19:19.934+0600] {manager.py:755} INFO - Searching for files in /app/src
[2025-12-04T19:19:19.953+0600] {manager.py:758} INFO - There are 1 files in /app/src
[2025-12-04T19:19:33.640+0600] {manager.py:887} INFO - 
================================================================================
DAG File Processing Stats

File Path                PID    Runtime      # DAGs    # Errors  Last Runtime    Last Run
-----------------------  -----  ---------  --------  ----------  --------------  -------------------
/app/src/airflow_dag.py                           1           0  0.78s           2025-12-04T13:19:33
================================================================================
[2025-12-04T19:20:04.474+0600] {manager.py:887} INFO - 
================================================================================
DAG File Processing Stats

File Path                PID    Runtime      # DAGs    # Errors  Last Runtime    Last Run
-----------------------  -----  ---------  --------  ----------  --------------  -------------------
/app/src/airflow_dag.py                           1           0  0.64s           2025-12-04T13:20:04
================================================================================
[2025-12-04T19:20:35.449+0600] {manager.py:887} INFO - 
================================================================================
DAG File Processing Stats

File Path                PID    Runtime      # DAGs    # Errors  Last Runtime    Last Run
-----------------------  -----  ---------  --------  ----------  --------------  -------------------
/app/src/airflow_dag.py                           1           0  0.64s           2025-12-04T13:20:35
================================================================================
[2025-12-04T19:21:06.287+0600] {manager.py:887} INFO - 
================================================================================
DAG File Processing Stats

File Path                PID    Runtime      # DAGs    # Errors  Last Runtime    Last Run
-----------------------  -----  ---------  --------  ----------  --------------  -------------------
/app/src/airflow_dag.py                           1           0  0.65s           2025-12-04T13:21:06
================================================================================
[2025-12-04T19:21:37.485+0600] {manager.py:887} INFO - 
================================================================================
DAG File Processing Stats

File Path                PID    Runtime      # DAGs    # Errors  Last Runtime    Last Run
-----------------------  -----  ---------  --------  ----------  --------------  -------------------
/app/src/airflow_dag.py                           1           0  0.97s           2025-12-04T13:21:37
================================================================================
[2025-12-04T19:22:08.514+0600] {manager.py:887} INFO - 
================================================================================
DAG File Processing Stats

File Path                PID    Runtime      # DAGs    # Errors  Last Runtime    Last Run
-----------------------  -----  ---------  --------  ----------  --------------  -------------------
/app/src/airflow_dag.py                           1           0  0.86s           2025-12-04T13:22:08
================================================================================
[2025-12-04T19:22:36.774+0600] {manager.py:487} INFO - Processing files using up to 1 processes at a time 
[2025-12-04T19:22:36.780+0600] {manager.py:488} INFO - Process each file at most once every 30 seconds
[2025-12-04T19:22:36.782+0600] {manager.py:489} INFO - Checking for new files in /app/src every 300 seconds
[2025-12-04T19:22:36.784+0600] {manager.py:755} INFO - Searching for files in /app/src
[2025-12-04T19:22:36.803+0600] {manager.py:758} INFO - There are 1 files in /app/src
[2025-12-04T19:22:37.563+0600] {manager.py:887} INFO - 
================================================================================
DAG File Processing Stats

File Path                PID    Runtime      # DAGs    # Errors  Last Runtime    Last Run
-----------------------  -----  ---------  --------  ----------  --------------  -------------------
/app/src/airflow_dag.py                           1           0  0.61s           2025-12-04T13:22:37
================================================================================
[2025-12-04T19:23:16.637+0600] {manager.py:887} INFO - 
================================================================================
DAG File Processing Stats

File Path                PID    Runtime      # DAGs    # Errors  Last Runtime    Last Run
-----------------------  -----  ---------  --------  ----------  --------------  -------------------
/app/src/airflow_dag.py                           1           0  0.62s           2025-12-04T13:23:16
================================================================================
[2025-12-04T19:23:47.908+0600] {manager.py:887} INFO - 
================================================================================
DAG File Processing Stats

File Path                PID    Runtime      # DAGs    # Errors  Last Runtime    Last Run
-----------------------  -----  ---------  --------  ----------  --------------  -------------------
/app/src/airflow_dag.py                           1           0  0.44s           2025-12-04T13:23:47
================================================================================
[2025-12-04T19:24:18.372+0600] {manager.py:887} INFO - 
================================================================================
DAG File Processing Stats

File Path                PID    Runtime      # DAGs    # Errors  Last Runtime    Last Run
-----------------------  -----  ---------  --------  ----------  --------------  -------------------
/app/src/airflow_dag.py                           1           0  0.44s           2025-12-04T13:24:18
================================================================================
[2025-12-04T19:24:48.815+0600] {manager.py:887} INFO - 
================================================================================
DAG File Processing Stats

File Path                PID    Runtime      # DAGs    # Errors  Last Runtime    Last Run
-----------------------  -----  ---------  --------  ----------  --------------  -------------------
/app/src/airflow_dag.py                           1           0  0.42s           2025-12-04T13:24:48
================================================================================
[2025-12-04T19:25:58.294+0600] {manager.py:887} INFO - 
================================================================================
DAG File Processing Stats

File Path                PID    Runtime      # DAGs    # Errors  Last Runtime    Last Run
-----------------------  -----  ---------  --------  ----------  --------------  -------------------
/app/src/airflow_dag.py                           1           0  0.62s           2025-12-04T13:25:58
================================================================================
[2025-12-04T19:26:29.665+0600] {manager.py:887} INFO - 
================================================================================
DAG File Processing Stats

File Path                PID    Runtime      # DAGs    # Errors  Last Runtime    Last Run
-----------------------  -----  ---------  --------  ----------  --------------  -------------------
/app/src/airflow_dag.py                           1           0  0.64s           2025-12-04T13:26:29
================================================================================
[2025-12-04T19:27:01.268+0600] {manager.py:887} INFO - 
================================================================================
DAG File Processing Stats

File Path                PID    Runtime      # DAGs    # Errors  Last Runtime    Last Run
-----------------------  -----  ---------  --------  ----------  --------------  -------------------
/app/src/airflow_dag.py                           1           0  0.75s           2025-12-04T13:27:01
================================================================================
[2025-12-04T19:27:32.875+0600] {manager.py:887} INFO - 
================================================================================
DAG File Processing Stats

File Path                PID    Runtime      # DAGs    # Errors  Last Runtime    Last Run
-----------------------  -----  ---------  --------  ----------  --------------  -------------------
/app/src/airflow_dag.py                           1           0  0.95s           2025-12-04T13:27:32
================================================================================
[2025-12-04T19:27:36.885+0600] {manager.py:755} INFO - Searching for files in /app/src
[2025-12-04T19:27:36.895+0600] {manager.py:758} INFO - There are 1 files in /app/src
[2025-12-04T19:28:04.391+0600] {manager.py:887} INFO - 
================================================================================
DAG File Processing Stats

File Path                PID    Runtime      # DAGs    # Errors  Last Runtime    Last Run
-----------------------  -----  ---------  --------  ----------  --------------  -------------------
/app/src/airflow_dag.py                           1           0  0.75s           2025-12-04T13:28:04
================================================================================
[2025-12-04T19:28:35.677+0600] {manager.py:887} INFO - 
================================================================================
DAG File Processing Stats

File Path                PID    Runtime      # DAGs    # Errors  Last Runtime    Last Run
-----------------------  -----  ---------  --------  ----------  --------------  -------------------
/app/src/airflow_dag.py                           1           0  0.74s           2025-12-04T13:28:35
================================================================================
[2025-12-04T19:29:06.699+0600] {manager.py:887} INFO - 
================================================================================
DAG File Processing Stats

File Path                PID    Runtime      # DAGs    # Errors  Last Runtime    Last Run
-----------------------  -----  ---------  --------  ----------  --------------  -------------------
/app/src/airflow_dag.py                           1           0  0.65s           2025-12-04T13:29:06
================================================================================
[2025-12-04T19:29:37.593+0600] {manager.py:887} INFO - 
================================================================================
DAG File Processing Stats

File Path                PID    Runtime      # DAGs    # Errors  Last Runtime    Last Run
-----------------------  -----  ---------  --------  ----------  --------------  -------------------
/app/src/airflow_dag.py                           1           0  0.53s           2025-12-04T13:29:37
================================================================================
[2025-12-04T19:30:08.703+0600] {manager.py:887} INFO - 
================================================================================
DAG File Processing Stats

File Path                PID    Runtime      # DAGs    # Errors  Last Runtime    Last Run
-----------------------  -----  ---------  --------  ----------  --------------  -------------------
/app/src/airflow_dag.py                           1           0  0.67s           2025-12-04T13:30:08
================================================================================
[2025-12-04T19:30:39.959+0600] {manager.py:887} INFO - 
================================================================================
DAG File Processing Stats

File Path                PID    Runtime      # DAGs    # Errors  Last Runtime    Last Run
-----------------------  -----  ---------  --------  ----------  --------------  -------------------
/app/src/airflow_dag.py                           1           0  0.86s           2025-12-04T13:30:39
================================================================================
[2025-12-04T19:31:11.002+0600] {manager.py:887} INFO - 
================================================================================
DAG File Processing Stats

File Path                PID    Runtime      # DAGs    # Errors  Last Runtime    Last Run
-----------------------  -----  ---------  --------  ----------  --------------  -------------------
/app/src/airflow_dag.py                           1           0  0.84s           2025-12-04T13:31:11
================================================================================
[2025-12-04T19:31:41.907+0600] {manager.py:887} INFO - 
================================================================================
DAG File Processing Stats

File Path                PID    Runtime      # DAGs    # Errors  Last Runtime    Last Run
-----------------------  -----  ---------  --------  ----------  --------------  -------------------
/app/src/airflow_dag.py                           1           0  0.73s           2025-12-04T13:31:41
================================================================================
[2025-12-04T19:32:14.243+0600] {manager.py:887} INFO - 
================================================================================
DAG File Processing Stats

File Path                PID    Runtime      # DAGs    # Errors  Last Runtime    Last Run
-----------------------  -----  ---------  --------  ----------  --------------  -------------------
/app/src/airflow_dag.py                           1           0  1.98s           2025-12-04T13:32:14
================================================================================
[2025-12-04T19:32:36.961+0600] {manager.py:755} INFO - Searching for files in /app/src
[2025-12-04T19:32:36.996+0600] {manager.py:758} INFO - There are 1 files in /app/src
[2025-12-04T19:32:45.545+0600] {manager.py:887} INFO - 
================================================================================
DAG File Processing Stats

File Path                PID    Runtime      # DAGs    # Errors  Last Runtime    Last Run
-----------------------  -----  ---------  --------  ----------  --------------  -------------------
/app/src/airflow_dag.py                           1           0  1.16s           2025-12-04T13:32:45
================================================================================
[2025-12-04T19:33:16.207+0600] {manager.py:887} INFO - 
================================================================================
DAG File Processing Stats

File Path                PID    Runtime      # DAGs    # Errors  Last Runtime    Last Run
-----------------------  -----  ---------  --------  ----------  --------------  -------------------
/app/src/airflow_dag.py                           1           0  0.52s           2025-12-04T13:33:16
================================================================================
[2025-12-04T19:33:46.853+0600] {manager.py:887} INFO - 
================================================================================
DAG File Processing Stats

File Path                PID    Runtime      # DAGs    # Errors  Last Runtime    Last Run
-----------------------  -----  ---------  --------  ----------  --------------  -------------------
/app/src/airflow_dag.py                           1           0  0.54s           2025-12-04T13:33:46
================================================================================
[2025-12-04T19:34:17.522+0600] {manager.py:887} INFO - 
================================================================================
DAG File Processing Stats

File Path                PID    Runtime      # DAGs    # Errors  Last Runtime    Last Run
-----------------------  -----  ---------  --------  ----------  --------------  -------------------
/app/src/airflow_dag.py                           1           0  0.55s           2025-12-04T13:34:17
================================================================================
[2025-12-04T19:34:48.291+0600] {manager.py:887} INFO - 
================================================================================
DAG File Processing Stats

File Path                PID    Runtime      # DAGs    # Errors  Last Runtime    Last Run
-----------------------  -----  ---------  --------  ----------  --------------  -------------------
/app/src/airflow_dag.py                           1           0  0.65s           2025-12-04T13:34:48
================================================================================
[2025-12-04T19:35:19.144+0600] {manager.py:887} INFO - 
================================================================================
DAG File Processing Stats

File Path                PID    Runtime      # DAGs    # Errors  Last Runtime    Last Run
-----------------------  -----  ---------  --------  ----------  --------------  -------------------
/app/src/airflow_dag.py                           1           0  0.73s           2025-12-04T13:35:19
================================================================================
[2025-12-04T19:35:49.923+0600] {manager.py:887} INFO - 
================================================================================
DAG File Processing Stats

File Path                PID    Runtime      # DAGs    # Errors  Last Runtime    Last Run
-----------------------  -----  ---------  --------  ----------  --------------  -------------------
/app/src/airflow_dag.py                           1           0  0.64s           2025-12-04T13:35:49
================================================================================
[2025-12-04T19:36:20.711+0600] {manager.py:887} INFO - 
================================================================================
DAG File Processing Stats

File Path                PID    Runtime      # DAGs    # Errors  Last Runtime    Last Run
-----------------------  -----  ---------  --------  ----------  --------------  -------------------
/app/src/airflow_dag.py                           1           0  0.64s           2025-12-04T13:36:20
================================================================================
[2025-12-04T19:36:51.489+0600] {manager.py:887} INFO - 
================================================================================
DAG File Processing Stats

File Path                PID    Runtime      # DAGs    # Errors  Last Runtime    Last Run
-----------------------  -----  ---------  --------  ----------  --------------  -------------------
/app/src/airflow_dag.py                           1           0  0.65s           2025-12-04T13:36:51
================================================================================
[2025-12-04T19:37:22.167+0600] {manager.py:887} INFO - 
================================================================================
DAG File Processing Stats

File Path                PID    Runtime      # DAGs    # Errors  Last Runtime    Last Run
-----------------------  -----  ---------  --------  ----------  --------------  -------------------
/app/src/airflow_dag.py                           1           0  0.54s           2025-12-04T13:37:22
================================================================================
[2025-12-04T19:37:37.114+0600] {manager.py:755} INFO - Searching for files in /app/src
[2025-12-04T19:37:37.131+0600] {manager.py:758} INFO - There are 1 files in /app/src
[2025-12-04T19:37:52.858+0600] {manager.py:887} INFO - 
================================================================================
DAG File Processing Stats

File Path                PID    Runtime      # DAGs    # Errors  Last Runtime    Last Run
-----------------------  -----  ---------  --------  ----------  --------------  -------------------
/app/src/airflow_dag.py                           1           0  0.56s           2025-12-04T13:37:52
================================================================================
[2025-12-04T19:38:23.526+0600] {manager.py:887} INFO - 
================================================================================
DAG File Processing Stats

File Path                PID    Runtime      # DAGs    # Errors  Last Runtime    Last Run
-----------------------  -----  ---------  --------  ----------  --------------  -------------------
/app/src/airflow_dag.py                           1           0  0.53s           2025-12-04T13:38:23
================================================================================
[2025-12-04T19:38:54.412+0600] {manager.py:887} INFO - 
================================================================================
DAG File Processing Stats

File Path                PID    Runtime      # DAGs    # Errors  Last Runtime    Last Run
-----------------------  -----  ---------  --------  ----------  --------------  -------------------
/app/src/airflow_dag.py                           1           0  0.74s           2025-12-04T13:38:54
================================================================================
[2025-12-04T19:39:25.286+0600] {manager.py:887} INFO - 
================================================================================
DAG File Processing Stats

File Path                PID    Runtime      # DAGs    # Errors  Last Runtime    Last Run
-----------------------  -----  ---------  --------  ----------  --------------  -------------------
/app/src/airflow_dag.py                           1           0  0.74s           2025-12-04T13:39:25
================================================================================
[2025-12-04T19:39:56.137+0600] {manager.py:887} INFO - 
================================================================================
DAG File Processing Stats

File Path                PID    Runtime      # DAGs    # Errors  Last Runtime    Last Run
-----------------------  -----  ---------  --------  ----------  --------------  -------------------
/app/src/airflow_dag.py                           1           0  0.73s           2025-12-04T13:39:56
================================================================================
[2025-12-04T19:40:26.270+0600] {manager.py:887} INFO - 
================================================================================
DAG File Processing Stats

File Path                PID    Runtime      # DAGs    # Errors  Last Runtime    Last Run
-----------------------  -----  ---------  --------  ----------  --------------  -------------------
/app/src/airflow_dag.py                           1           0  0.74s           2025-12-04T13:40:11
================================================================================
[2025-12-04T19:40:56.330+0600] {manager.py:887} INFO - 
================================================================================
DAG File Processing Stats

File Path                PID    Runtime      # DAGs    # Errors  Last Runtime    Last Run
-----------------------  -----  ---------  --------  ----------  --------------  -------------------
/app/src/airflow_dag.py                           1           0  0.64s           2025-12-04T13:40:41
================================================================================
[2025-12-04T19:41:26.453+0600] {manager.py:887} INFO - 
================================================================================
DAG File Processing Stats

File Path                PID    Runtime      # DAGs    # Errors  Last Runtime    Last Run
-----------------------  -----  ---------  --------  ----------  --------------  -------------------
/app/src/airflow_dag.py                           1           0  0.53s           2025-12-04T13:41:12
================================================================================
[2025-12-04T19:41:56.609+0600] {manager.py:887} INFO - 
================================================================================
DAG File Processing Stats

File Path                PID    Runtime      # DAGs    # Errors  Last Runtime    Last Run
-----------------------  -----  ---------  --------  ----------  --------------  -------------------
/app/src/airflow_dag.py                           1           0  0.73s           2025-12-04T13:41:43
================================================================================
[2025-12-04T19:42:26.785+0600] {manager.py:887} INFO - 
================================================================================
DAG File Processing Stats

File Path                PID    Runtime      # DAGs    # Errors  Last Runtime    Last Run
-----------------------  -----  ---------  --------  ----------  --------------  -------------------
/app/src/airflow_dag.py                           1           0  0.55s           2025-12-04T13:42:14
================================================================================
[2025-12-04T19:42:37.194+0600] {manager.py:755} INFO - Searching for files in /app/src
[2025-12-04T19:42:37.211+0600] {manager.py:758} INFO - There are 1 files in /app/src
[2025-12-04T19:42:56.977+0600] {manager.py:887} INFO - 
================================================================================
DAG File Processing Stats

File Path                PID    Runtime      # DAGs    # Errors  Last Runtime    Last Run
-----------------------  -----  ---------  --------  ----------  --------------  -------------------
/app/src/airflow_dag.py                           1           0  0.54s           2025-12-04T13:42:44
================================================================================
[2025-12-04T19:43:27.139+0600] {manager.py:887} INFO - 
================================================================================
DAG File Processing Stats

File Path                PID    Runtime      # DAGs    # Errors  Last Runtime    Last Run
-----------------------  -----  ---------  --------  ----------  --------------  -------------------
/app/src/airflow_dag.py                           1           0  0.54s           2025-12-04T13:43:15
================================================================================
