[2025-12-04T19:01:47.074+0600] {taskinstance.py:1159} INFO - Dependencies all met for dep_context=non-requeueable deps ti=<TaskInstance: kolesa_trucks_etl.scrape_data manual__2025-12-04T13:01:44.529534+00:00 [queued]>
[2025-12-04T19:01:47.077+0600] {taskinstance.py:1159} INFO - Dependencies all met for dep_context=requeueable deps ti=<TaskInstance: kolesa_trucks_etl.scrape_data manual__2025-12-04T13:01:44.529534+00:00 [queued]>
[2025-12-04T19:01:47.077+0600] {taskinstance.py:1361} INFO - Starting attempt 1 of 2
[2025-12-04T19:01:47.084+0600] {taskinstance.py:1382} INFO - Executing <Task(PythonOperator): scrape_data> on 2025-12-04 13:01:44.529534+00:00
[2025-12-04T19:01:47.088+0600] {standard_task_runner.py:57} INFO - Started process 68 to run task
[2025-12-04T19:01:47.090+0600] {standard_task_runner.py:84} INFO - Running: ['airflow', 'tasks', 'run', 'kolesa_trucks_etl', 'scrape_data', 'manual__2025-12-04T13:01:44.529534+00:00', '--job-id', '23', '--raw', '--subdir', 'DAGS_FOLDER/airflow_dag.py', '--cfg-path', '/tmp/tmp8tj3g5fc']
[2025-12-04T19:01:47.091+0600] {standard_task_runner.py:85} INFO - Job 23: Subtask scrape_data
[2025-12-04T19:01:47.123+0600] {task_command.py:416} INFO - Running <TaskInstance: kolesa_trucks_etl.scrape_data manual__2025-12-04T13:01:44.529534+00:00 [running]> on host 7e7c107b85a3
[2025-12-04T19:01:47.166+0600] {taskinstance.py:1662} INFO - Exporting env vars: AIRFLOW_CTX_DAG_OWNER='student_team' AIRFLOW_CTX_DAG_ID='kolesa_trucks_etl' AIRFLOW_CTX_TASK_ID='scrape_data' AIRFLOW_CTX_EXECUTION_DATE='2025-12-04T13:01:44.529534+00:00' AIRFLOW_CTX_TRY_NUMBER='1' AIRFLOW_CTX_DAG_RUN_ID='manual__2025-12-04T13:01:44.529534+00:00'
[2025-12-04T19:01:47.167+0600] {logging_mixin.py:154} INFO - --- ЗАПУСК СКРАПЕРА В DOCKER (HEADLESS) ---
[2025-12-04T19:01:47.682+0600] {logging_mixin.py:154} INFO - >>> Обработка: https://kolesa.kz/cars/almaty/?page=1
[2025-12-04T19:01:51.858+0600] {logging_mixin.py:154} INFO - Ошибка: net::ERR_TOO_MANY_REDIRECTS at https://kolesa.kz/cars/almaty/?page=1
[2025-12-04T19:01:53.948+0600] {logging_mixin.py:154} INFO - >>> Обработка: https://kolesa.kz/cars/almaty/?page=2
[2025-12-04T19:01:57.281+0600] {logging_mixin.py:154} INFO -    Найдено: 20
[2025-12-04T19:02:00.046+0600] {logging_mixin.py:154} INFO - >>> Обработка: https://kolesa.kz/cars/almaty/?page=3
[2025-12-04T19:02:03.400+0600] {logging_mixin.py:154} INFO -    Найдено: 20
[2025-12-04T19:02:06.342+0600] {logging_mixin.py:154} INFO - >>> Обработка: https://kolesa.kz/cars/almaty/?page=4
[2025-12-04T19:02:09.569+0600] {logging_mixin.py:154} INFO -    Найдено: 20
[2025-12-04T19:02:11.071+0600] {logging_mixin.py:154} INFO - >>> Обработка: https://kolesa.kz/cars/almaty/?page=5
[2025-12-04T19:02:14.237+0600] {logging_mixin.py:154} INFO -    Найдено: 20
[2025-12-04T19:02:16.082+0600] {logging_mixin.py:154} INFO - >>> Обработка: https://kolesa.kz/cars/almaty/?page=6
[2025-12-04T19:02:19.365+0600] {logging_mixin.py:154} INFO -    Найдено: 20
[2025-12-04T19:02:22.204+0600] {logging_mixin.py:154} INFO - >>> Обработка: https://kolesa.kz/cars/almaty/?page=7
[2025-12-04T19:02:25.433+0600] {logging_mixin.py:154} INFO -    Найдено: 20
[2025-12-04T19:02:28.293+0600] {logging_mixin.py:154} INFO - >>> Обработка: https://kolesa.kz/cars/almaty/?page=8
[2025-12-04T19:02:31.651+0600] {logging_mixin.py:154} INFO -    Найдено: 20
[2025-12-04T19:02:33.504+0600] {logging_mixin.py:154} INFO - >>> Обработка: https://kolesa.kz/cars/almaty/?page=9
[2025-12-04T19:02:36.998+0600] {logging_mixin.py:154} INFO -    Найдено: 20
[2025-12-04T19:02:40.368+0600] {logging_mixin.py:154} INFO - ✅ УСПЕХ! Данные сохранены: 160 строк.
[2025-12-04T19:02:40.369+0600] {python.py:194} INFO - Done. Returned value was: None
[2025-12-04T19:02:40.386+0600] {taskinstance.py:1400} INFO - Marking task as SUCCESS. dag_id=kolesa_trucks_etl, task_id=scrape_data, execution_date=20251204T130144, start_date=20251204T130147, end_date=20251204T130240
[2025-12-04T19:02:40.431+0600] {local_task_job_runner.py:228} INFO - Task exited with return code 0
[2025-12-04T19:02:40.466+0600] {taskinstance.py:2778} INFO - 1 downstream tasks scheduled from follow-on schedule check
