[2025-12-04T19:02:42.585+0600] {taskinstance.py:1159} INFO - Dependencies all met for dep_context=non-requeueable deps ti=<TaskInstance: kolesa_trucks_etl.clean_data manual__2025-12-04T13:01:44.529534+00:00 [queued]>
[2025-12-04T19:02:42.588+0600] {taskinstance.py:1159} INFO - Dependencies all met for dep_context=requeueable deps ti=<TaskInstance: kolesa_trucks_etl.clean_data manual__2025-12-04T13:01:44.529534+00:00 [queued]>
[2025-12-04T19:02:42.588+0600] {taskinstance.py:1361} INFO - Starting attempt 1 of 2
[2025-12-04T19:02:42.596+0600] {taskinstance.py:1382} INFO - Executing <Task(PythonOperator): clean_data> on 2025-12-04 13:01:44.529534+00:00
[2025-12-04T19:02:42.600+0600] {standard_task_runner.py:57} INFO - Started process 284 to run task
[2025-12-04T19:02:42.606+0600] {standard_task_runner.py:84} INFO - Running: ['airflow', 'tasks', 'run', 'kolesa_trucks_etl', 'clean_data', 'manual__2025-12-04T13:01:44.529534+00:00', '--job-id', '24', '--raw', '--subdir', 'DAGS_FOLDER/airflow_dag.py', '--cfg-path', '/tmp/tmpdcplznq5']
[2025-12-04T19:02:42.608+0600] {standard_task_runner.py:85} INFO - Job 24: Subtask clean_data
[2025-12-04T19:02:42.643+0600] {task_command.py:416} INFO - Running <TaskInstance: kolesa_trucks_etl.clean_data manual__2025-12-04T13:01:44.529534+00:00 [running]> on host 7e7c107b85a3
[2025-12-04T19:02:42.685+0600] {taskinstance.py:1662} INFO - Exporting env vars: AIRFLOW_CTX_DAG_OWNER='student_team' AIRFLOW_CTX_DAG_ID='kolesa_trucks_etl' AIRFLOW_CTX_TASK_ID='clean_data' AIRFLOW_CTX_EXECUTION_DATE='2025-12-04T13:01:44.529534+00:00' AIRFLOW_CTX_TRY_NUMBER='1' AIRFLOW_CTX_DAG_RUN_ID='manual__2025-12-04T13:01:44.529534+00:00'
[2025-12-04T19:02:42.686+0600] {logging_mixin.py:154} INFO - --- ОЧИСТКА ДАННЫХ (ПАРСИНГ ХАРАКТЕРИСТИК) ---
[2025-12-04T19:02:42.711+0600] {logging_mixin.py:154} INFO -                     title    city      price  ...  body_style  drive_type    fuel
0  Mercedes-Benz E 53 AMG  Алматы   33000000  ...       седан       other  petrol
1     Mercedes-Benz E 500  Алматы    4300000  ...       седан       other  petrol
2            Daewoo Matiz  Алматы    2200000  ...     хэтчбек       other  petrol
3             Toyota RAV4  Алматы   18000000  ...   кроссовер       other  petrol
4              Alpina XB7  Алматы  100000000  ...   кроссовер       other  petrol

[5 rows x 9 columns]
[2025-12-04T19:02:42.711+0600] {logging_mixin.py:154} INFO - Всего чистых записей: 160
[2025-12-04T19:02:42.711+0600] {taskinstance.py:1937} ERROR - Task failed with exception
Traceback (most recent call last):
  File "/usr/local/lib/python3.10/dist-packages/airflow/operators/python.py", line 192, in execute
    return_value = self.execute_callable()
  File "/usr/local/lib/python3.10/dist-packages/airflow/operators/python.py", line 209, in execute_callable
    return self.python_callable(*self.op_args, **self.op_kwargs)
  File "/app/src/cleaner.py", line 82, in run_cleaner
    final_df = final_df.drop_duplicates(subset=['title', 'city', 'description'], keep='first')
  File "/usr/local/lib/python3.10/dist-packages/pandas/core/frame.py", line 6840, in drop_duplicates
    result = self[-self.duplicated(subset, keep=keep)]
  File "/usr/local/lib/python3.10/dist-packages/pandas/core/frame.py", line 6972, in duplicated
    raise KeyError(Index(diff))
KeyError: Index(['description'], dtype='object')
[2025-12-04T19:02:42.720+0600] {taskinstance.py:1400} INFO - Marking task as UP_FOR_RETRY. dag_id=kolesa_trucks_etl, task_id=clean_data, execution_date=20251204T130144, start_date=20251204T130242, end_date=20251204T130242
[2025-12-04T19:02:42.730+0600] {standard_task_runner.py:104} ERROR - Failed to execute job 24 for task clean_data (Index(['description'], dtype='object'); 284)
[2025-12-04T19:02:42.748+0600] {local_task_job_runner.py:228} INFO - Task exited with return code 1
[2025-12-04T19:02:42.760+0600] {taskinstance.py:2778} INFO - 0 downstream tasks scheduled from follow-on schedule check
