[2025-12-04T18:34:54.096+0600] {taskinstance.py:1159} INFO - Dependencies all met for dep_context=non-requeueable deps ti=<TaskInstance: kolesa_trucks_etl.scrape_data manual__2025-12-04T12:34:30.602956+00:00 [queued]>
[2025-12-04T18:34:54.100+0600] {taskinstance.py:1159} INFO - Dependencies all met for dep_context=requeueable deps ti=<TaskInstance: kolesa_trucks_etl.scrape_data manual__2025-12-04T12:34:30.602956+00:00 [queued]>
[2025-12-04T18:34:54.100+0600] {taskinstance.py:1361} INFO - Starting attempt 1 of 2
[2025-12-04T18:34:54.110+0600] {taskinstance.py:1382} INFO - Executing <Task(PythonOperator): scrape_data> on 2025-12-04 12:34:30.602956+00:00
[2025-12-04T18:34:54.120+0600] {standard_task_runner.py:57} INFO - Started process 274 to run task
[2025-12-04T18:34:54.124+0600] {standard_task_runner.py:84} INFO - Running: ['airflow', 'tasks', 'run', 'kolesa_trucks_etl', 'scrape_data', 'manual__2025-12-04T12:34:30.602956+00:00', '--job-id', '11', '--raw', '--subdir', 'DAGS_FOLDER/airflow_dag.py', '--cfg-path', '/tmp/tmp4jcycp4i']
[2025-12-04T18:34:54.125+0600] {standard_task_runner.py:85} INFO - Job 11: Subtask scrape_data
[2025-12-04T18:34:54.155+0600] {task_command.py:416} INFO - Running <TaskInstance: kolesa_trucks_etl.scrape_data manual__2025-12-04T12:34:30.602956+00:00 [running]> on host 7e7c107b85a3
[2025-12-04T18:34:54.191+0600] {taskinstance.py:1662} INFO - Exporting env vars: AIRFLOW_CTX_DAG_OWNER='student_team' AIRFLOW_CTX_DAG_ID='kolesa_trucks_etl' AIRFLOW_CTX_TASK_ID='scrape_data' AIRFLOW_CTX_EXECUTION_DATE='2025-12-04T12:34:30.602956+00:00' AIRFLOW_CTX_TRY_NUMBER='1' AIRFLOW_CTX_DAG_RUN_ID='manual__2025-12-04T12:34:30.602956+00:00'
[2025-12-04T18:34:54.192+0600] {logging_mixin.py:154} INFO - --- ЗАПУСК СКРАПЕРА В DOCKER (HEADLESS) ---
[2025-12-04T18:34:54.577+0600] {logging_mixin.py:154} INFO - >>> Обработка: https://kolesa.kz/cars/almaty/?page=1
[2025-12-04T18:34:58.810+0600] {logging_mixin.py:154} INFO - Ошибка: net::ERR_TOO_MANY_REDIRECTS at https://kolesa.kz/cars/almaty/?page=1
[2025-12-04T18:35:00.245+0600] {logging_mixin.py:154} INFO - >>> Обработка: https://kolesa.kz/cars/almaty/?page=2
[2025-12-04T18:35:03.263+0600] {logging_mixin.py:154} INFO -    Найдено: 20
[2025-12-04T18:35:05.189+0600] {logging_mixin.py:154} INFO - >>> Обработка: https://kolesa.kz/cars/almaty/?page=3
[2025-12-04T18:35:08.176+0600] {logging_mixin.py:154} INFO -    Найдено: 20
[2025-12-04T18:35:10.822+0600] {logging_mixin.py:154} INFO - ✅ УСПЕХ! Данные сохранены: 40 строк.
[2025-12-04T18:35:10.822+0600] {python.py:194} INFO - Done. Returned value was: None
[2025-12-04T18:35:10.832+0600] {taskinstance.py:1400} INFO - Marking task as SUCCESS. dag_id=kolesa_trucks_etl, task_id=scrape_data, execution_date=20251204T123430, start_date=20251204T123454, end_date=20251204T123510
[2025-12-04T18:35:10.857+0600] {local_task_job_runner.py:228} INFO - Task exited with return code 0
[2025-12-04T18:35:10.897+0600] {taskinstance.py:2778} INFO - 1 downstream tasks scheduled from follow-on schedule check
