[2025-12-04T19:22:46.158+0600] {taskinstance.py:1159} INFO - Dependencies all met for dep_context=non-requeueable deps ti=<TaskInstance: kolesa_trucks_etl.scrape_data manual__2025-12-04T13:22:43.942127+00:00 [queued]>
[2025-12-04T19:22:46.162+0600] {taskinstance.py:1159} INFO - Dependencies all met for dep_context=requeueable deps ti=<TaskInstance: kolesa_trucks_etl.scrape_data manual__2025-12-04T13:22:43.942127+00:00 [queued]>
[2025-12-04T19:22:46.162+0600] {taskinstance.py:1361} INFO - Starting attempt 1 of 2
[2025-12-04T19:22:46.171+0600] {taskinstance.py:1382} INFO - Executing <Task(PythonOperator): scrape_data> on 2025-12-04 13:22:43.942127+00:00
[2025-12-04T19:22:46.174+0600] {standard_task_runner.py:57} INFO - Started process 44 to run task
[2025-12-04T19:22:46.182+0600] {standard_task_runner.py:84} INFO - Running: ['airflow', 'tasks', 'run', 'kolesa_trucks_etl', 'scrape_data', 'manual__2025-12-04T13:22:43.942127+00:00', '--job-id', '32', '--raw', '--subdir', 'DAGS_FOLDER/airflow_dag.py', '--cfg-path', '/tmp/tmpq2da82na']
[2025-12-04T19:22:46.183+0600] {standard_task_runner.py:85} INFO - Job 32: Subtask scrape_data
[2025-12-04T19:22:46.243+0600] {task_command.py:416} INFO - Running <TaskInstance: kolesa_trucks_etl.scrape_data manual__2025-12-04T13:22:43.942127+00:00 [running]> on host 30355a3944ea
[2025-12-04T19:22:46.291+0600] {taskinstance.py:1662} INFO - Exporting env vars: AIRFLOW_CTX_DAG_OWNER='student_team' AIRFLOW_CTX_DAG_ID='kolesa_trucks_etl' AIRFLOW_CTX_TASK_ID='scrape_data' AIRFLOW_CTX_EXECUTION_DATE='2025-12-04T13:22:43.942127+00:00' AIRFLOW_CTX_TRY_NUMBER='1' AIRFLOW_CTX_DAG_RUN_ID='manual__2025-12-04T13:22:43.942127+00:00'
[2025-12-04T19:22:46.292+0600] {logging_mixin.py:154} INFO - --- ЗАПУСК СКРАПЕРА ---
[2025-12-04T19:22:46.292+0600] {logging_mixin.py:154} INFO - Путь для сохранения: /app/data/raw_data.csv
[2025-12-04T19:22:47.224+0600] {logging_mixin.py:154} INFO - >>> Страница 1: https://kolesa.kz/cars/almaty/?page=1
[2025-12-04T19:22:51.484+0600] {logging_mixin.py:154} INFO - Ошибка страницы 1: net::ERR_TOO_MANY_REDIRECTS at https://kolesa.kz/cars/almaty/?page=1
[2025-12-04T19:22:53.339+0600] {logging_mixin.py:154} INFO - >>> Страница 2: https://kolesa.kz/cars/almaty/?page=2
[2025-12-04T19:22:57.972+0600] {logging_mixin.py:154} INFO -    Найдено объявлений: 20
[2025-12-04T19:23:00.579+0600] {logging_mixin.py:154} INFO - >>> Страница 3: https://kolesa.kz/cars/almaty/?page=3
[2025-12-04T19:23:03.895+0600] {logging_mixin.py:154} INFO -    Найдено объявлений: 20
[2025-12-04T19:23:05.662+0600] {logging_mixin.py:154} INFO - >>> Страница 4: https://kolesa.kz/cars/almaty/?page=4
[2025-12-04T19:23:08.825+0600] {logging_mixin.py:154} INFO -    Найдено объявлений: 20
[2025-12-04T19:23:10.354+0600] {logging_mixin.py:154} INFO - >>> Страница 5: https://kolesa.kz/cars/almaty/?page=5
[2025-12-04T19:23:13.544+0600] {logging_mixin.py:154} INFO -    Найдено объявлений: 20
[2025-12-04T19:23:15.540+0600] {logging_mixin.py:154} INFO - ✅ УСПЕХ! Сохранено 80 строк в /app/data/raw_data.csv
[2025-12-04T19:23:15.541+0600] {python.py:194} INFO - Done. Returned value was: None
[2025-12-04T19:23:15.557+0600] {taskinstance.py:1400} INFO - Marking task as SUCCESS. dag_id=kolesa_trucks_etl, task_id=scrape_data, execution_date=20251204T132243, start_date=20251204T132246, end_date=20251204T132315
[2025-12-04T19:23:15.615+0600] {local_task_job_runner.py:228} INFO - Task exited with return code 0
[2025-12-04T19:23:15.637+0600] {taskinstance.py:2778} INFO - 1 downstream tasks scheduled from follow-on schedule check
