[2025-12-04T18:34:32.100+0600] {taskinstance.py:1159} INFO - Dependencies all met for dep_context=non-requeueable deps ti=<TaskInstance: kolesa_trucks_etl.scrape_data scheduled__2025-12-03T12:34:11.839712+00:00 [queued]>
[2025-12-04T18:34:32.104+0600] {taskinstance.py:1159} INFO - Dependencies all met for dep_context=requeueable deps ti=<TaskInstance: kolesa_trucks_etl.scrape_data scheduled__2025-12-03T12:34:11.839712+00:00 [queued]>
[2025-12-04T18:34:32.104+0600] {taskinstance.py:1361} INFO - Starting attempt 1 of 2
[2025-12-04T18:34:32.112+0600] {taskinstance.py:1382} INFO - Executing <Task(PythonOperator): scrape_data> on 2025-12-03 12:34:11.839712+00:00
[2025-12-04T18:34:32.117+0600] {standard_task_runner.py:84} INFO - Running: ['airflow', 'tasks', 'run', 'kolesa_trucks_etl', 'scrape_data', 'scheduled__2025-12-03T12:34:11.839712+00:00', '--job-id', '10', '--raw', '--subdir', 'DAGS_FOLDER/airflow_dag.py', '--cfg-path', '/tmp/tmpolofhqqn']
[2025-12-04T18:34:32.119+0600] {standard_task_runner.py:85} INFO - Job 10: Subtask scrape_data
[2025-12-04T18:34:32.116+0600] {standard_task_runner.py:57} INFO - Started process 60 to run task
[2025-12-04T18:34:32.184+0600] {task_command.py:416} INFO - Running <TaskInstance: kolesa_trucks_etl.scrape_data scheduled__2025-12-03T12:34:11.839712+00:00 [running]> on host 7e7c107b85a3
[2025-12-04T18:34:32.231+0600] {taskinstance.py:1662} INFO - Exporting env vars: AIRFLOW_CTX_DAG_OWNER='student_team' AIRFLOW_CTX_DAG_ID='kolesa_trucks_etl' AIRFLOW_CTX_TASK_ID='scrape_data' AIRFLOW_CTX_EXECUTION_DATE='2025-12-03T12:34:11.839712+00:00' AIRFLOW_CTX_TRY_NUMBER='1' AIRFLOW_CTX_DAG_RUN_ID='scheduled__2025-12-03T12:34:11.839712+00:00'
[2025-12-04T18:34:32.233+0600] {logging_mixin.py:154} INFO - --- ЗАПУСК СКРАПЕРА В DOCKER (HEADLESS) ---
[2025-12-04T18:34:33.753+0600] {logging_mixin.py:154} INFO - >>> Обработка: https://kolesa.kz/cars/almaty/?page=1
[2025-12-04T18:34:37.914+0600] {logging_mixin.py:154} INFO - Ошибка: net::ERR_TOO_MANY_REDIRECTS at https://kolesa.kz/cars/almaty/?page=1
[2025-12-04T18:34:40.505+0600] {logging_mixin.py:154} INFO - >>> Обработка: https://kolesa.kz/cars/almaty/?page=2
[2025-12-04T18:34:44.061+0600] {logging_mixin.py:154} INFO -    Найдено: 20
[2025-12-04T18:34:47.230+0600] {logging_mixin.py:154} INFO - >>> Обработка: https://kolesa.kz/cars/almaty/?page=3
[2025-12-04T18:34:50.317+0600] {logging_mixin.py:154} INFO -    Найдено: 20
[2025-12-04T18:34:52.043+0600] {logging_mixin.py:154} INFO - ✅ УСПЕХ! Данные сохранены: 40 строк.
[2025-12-04T18:34:52.043+0600] {python.py:194} INFO - Done. Returned value was: None
[2025-12-04T18:34:52.060+0600] {taskinstance.py:1400} INFO - Marking task as SUCCESS. dag_id=kolesa_trucks_etl, task_id=scrape_data, execution_date=20251203T123411, start_date=20251204T123432, end_date=20251204T123452
[2025-12-04T18:34:52.117+0600] {local_task_job_runner.py:228} INFO - Task exited with return code 0
[2025-12-04T18:34:52.151+0600] {taskinstance.py:2778} INFO - 1 downstream tasks scheduled from follow-on schedule check
