[2025-12-04T18:35:12.184+0600] {taskinstance.py:1159} INFO - Dependencies all met for dep_context=non-requeueable deps ti=<TaskInstance: kolesa_trucks_etl.clean_data scheduled__2025-12-03T12:34:11.839712+00:00 [queued]>
[2025-12-04T18:35:12.217+0600] {taskinstance.py:1159} INFO - Dependencies all met for dep_context=requeueable deps ti=<TaskInstance: kolesa_trucks_etl.clean_data scheduled__2025-12-03T12:34:11.839712+00:00 [queued]>
[2025-12-04T18:35:12.217+0600] {taskinstance.py:1361} INFO - Starting attempt 1 of 2
[2025-12-04T18:35:12.227+0600] {taskinstance.py:1382} INFO - Executing <Task(PythonOperator): clean_data> on 2025-12-03 12:34:11.839712+00:00
[2025-12-04T18:35:12.233+0600] {standard_task_runner.py:57} INFO - Started process 483 to run task
[2025-12-04T18:35:12.237+0600] {standard_task_runner.py:84} INFO - Running: ['airflow', 'tasks', 'run', 'kolesa_trucks_etl', 'clean_data', 'scheduled__2025-12-03T12:34:11.839712+00:00', '--job-id', '12', '--raw', '--subdir', 'DAGS_FOLDER/airflow_dag.py', '--cfg-path', '/tmp/tmpyjd6x8om']
[2025-12-04T18:35:12.238+0600] {standard_task_runner.py:85} INFO - Job 12: Subtask clean_data
[2025-12-04T18:35:12.271+0600] {task_command.py:416} INFO - Running <TaskInstance: kolesa_trucks_etl.clean_data scheduled__2025-12-03T12:34:11.839712+00:00 [running]> on host 7e7c107b85a3
[2025-12-04T18:35:12.302+0600] {taskinstance.py:1662} INFO - Exporting env vars: AIRFLOW_CTX_DAG_OWNER='student_team' AIRFLOW_CTX_DAG_ID='kolesa_trucks_etl' AIRFLOW_CTX_TASK_ID='clean_data' AIRFLOW_CTX_EXECUTION_DATE='2025-12-03T12:34:11.839712+00:00' AIRFLOW_CTX_TRY_NUMBER='1' AIRFLOW_CTX_DAG_RUN_ID='scheduled__2025-12-03T12:34:11.839712+00:00'
[2025-12-04T18:35:12.303+0600] {logging_mixin.py:154} INFO - --- ОЧИСТКА ДАННЫХ (ПАРСИНГ ХАРАКТЕРИСТИК) ---
[2025-12-04T18:35:12.343+0600] {logging_mixin.py:154} INFO -              title    city     price  ...   body_style  drive_type    fuel
0    Toyota Soarer  Алматы   6100000  ...         купе       other  petrol
1  Changan X5 Plus  Алматы   8400000  ...    кроссовер       other  petrol
2    Toyota Sienna  Алматы   7200000  ...      минивэн       other  petrol
3          Mazda 2  Алматы   3200000  ...      хэтчбек       other  petrol
4       Rox 01 VIP  Алматы  29000000  ...  внедорожник       other   other

[5 rows x 9 columns]
[2025-12-04T18:35:12.343+0600] {logging_mixin.py:154} INFO - Всего чистых записей: 40
[2025-12-04T18:35:12.346+0600] {python.py:194} INFO - Done. Returned value was: None
[2025-12-04T18:35:12.349+0600] {taskinstance.py:1400} INFO - Marking task as SUCCESS. dag_id=kolesa_trucks_etl, task_id=clean_data, execution_date=20251203T123411, start_date=20251204T123512, end_date=20251204T123512
[2025-12-04T18:35:12.375+0600] {local_task_job_runner.py:228} INFO - Task exited with return code 0
[2025-12-04T18:35:12.385+0600] {taskinstance.py:2778} INFO - 1 downstream tasks scheduled from follow-on schedule check
