[2025-12-04T19:25:59.344+0600] {taskinstance.py:1159} INFO - Dependencies all met for dep_context=non-requeueable deps ti=<TaskInstance: kolesa_trucks_etl.clean_data manual__2025-12-04T13:25:08.934554+00:00 [queued]>
[2025-12-04T19:25:59.347+0600] {taskinstance.py:1159} INFO - Dependencies all met for dep_context=requeueable deps ti=<TaskInstance: kolesa_trucks_etl.clean_data manual__2025-12-04T13:25:08.934554+00:00 [queued]>
[2025-12-04T19:25:59.347+0600] {taskinstance.py:1361} INFO - Starting attempt 1 of 2
[2025-12-04T19:25:59.359+0600] {taskinstance.py:1382} INFO - Executing <Task(PythonOperator): clean_data> on 2025-12-04 13:25:08.934554+00:00
[2025-12-04T19:25:59.362+0600] {standard_task_runner.py:57} INFO - Started process 518 to run task
[2025-12-04T19:25:59.369+0600] {standard_task_runner.py:84} INFO - Running: ['airflow', 'tasks', 'run', 'kolesa_trucks_etl', 'clean_data', 'manual__2025-12-04T13:25:08.934554+00:00', '--job-id', '36', '--raw', '--subdir', 'DAGS_FOLDER/airflow_dag.py', '--cfg-path', '/tmp/tmp1se1bof_']
[2025-12-04T19:25:59.371+0600] {standard_task_runner.py:85} INFO - Job 36: Subtask clean_data
[2025-12-04T19:25:59.400+0600] {task_command.py:416} INFO - Running <TaskInstance: kolesa_trucks_etl.clean_data manual__2025-12-04T13:25:08.934554+00:00 [running]> on host 30355a3944ea
[2025-12-04T19:25:59.443+0600] {taskinstance.py:1662} INFO - Exporting env vars: AIRFLOW_CTX_DAG_OWNER='student_team' AIRFLOW_CTX_DAG_ID='kolesa_trucks_etl' AIRFLOW_CTX_TASK_ID='clean_data' AIRFLOW_CTX_EXECUTION_DATE='2025-12-04T13:25:08.934554+00:00' AIRFLOW_CTX_TRY_NUMBER='1' AIRFLOW_CTX_DAG_RUN_ID='manual__2025-12-04T13:25:08.934554+00:00'
[2025-12-04T19:25:59.444+0600] {logging_mixin.py:154} INFO - --- ОЧИСТКА ДАННЫХ ---
[2025-12-04T19:25:59.444+0600] {logging_mixin.py:154} INFO - Ищем файл: /app/data/raw_data.csv
[2025-12-04T19:25:59.477+0600] {logging_mixin.py:154} INFO -                          title    city  ...  drive_type    fuel
0            Lincoln Navigator  Алматы  ...       other  petrol
1  Mercedes-Benz E 300 Premium  Алматы  ...       other  petrol
2                Nissan Cefiro  Алматы  ...       other  petrol
3          Mercedes-Benz E 230  Алматы  ...       other  petrol
4               Hyundai Starex  Алматы  ...       other  diesel

[5 rows x 9 columns]
[2025-12-04T19:25:59.477+0600] {logging_mixin.py:154} INFO - Чистых записей: 111
[2025-12-04T19:25:59.479+0600] {logging_mixin.py:154} INFO - Сохранено в /app/data/cleaned_data.csv
[2025-12-04T19:25:59.479+0600] {python.py:194} INFO - Done. Returned value was: None
[2025-12-04T19:25:59.483+0600] {taskinstance.py:1400} INFO - Marking task as SUCCESS. dag_id=kolesa_trucks_etl, task_id=clean_data, execution_date=20251204T132508, start_date=20251204T132559, end_date=20251204T132559
[2025-12-04T19:25:59.508+0600] {local_task_job_runner.py:228} INFO - Task exited with return code 0
[2025-12-04T19:25:59.520+0600] {taskinstance.py:2778} INFO - 1 downstream tasks scheduled from follow-on schedule check
